                                      1 ;--------------------------------------------------------
                                      2 ; File Created by SDCC : free open source ISO C Compiler 
                                      3 ; Version 4.2.8 #13684 (MINGW64)
                                      4 ;--------------------------------------------------------
                                      5 	.module oled_i2c
                                      6 	.optsdcc -mmcs51 --model-small
                                      7 	
                                      8 ;--------------------------------------------------------
                                      9 ; Public variables in this module
                                     10 ;--------------------------------------------------------
                                     11 	.globl _OledFontTable
                                     12 	.globl _Single_WriteI2C
                                     13 	.globl _OLED_SetCursor_PARM_2
                                     14 	.globl _OLED_Init
                                     15 	.globl _OLED_DisplayChar
                                     16 	.globl _OLED_DisplayString
                                     17 	.globl _OLED_Clear
                                     18 	.globl _OLED_SetCursor
                                     19 	.globl _oledSendCommand
                                     20 	.globl _oledSendData
                                     21 ;--------------------------------------------------------
                                     22 ; special function registers
                                     23 ;--------------------------------------------------------
                                     24 	.area RSEG    (ABS,DATA)
      000000                         25 	.org 0x0000
                                     26 ;--------------------------------------------------------
                                     27 ; special function bits
                                     28 ;--------------------------------------------------------
                                     29 	.area RSEG    (ABS,DATA)
      000000                         30 	.org 0x0000
                                     31 ;--------------------------------------------------------
                                     32 ; overlayable register banks
                                     33 ;--------------------------------------------------------
                                     34 	.area REG_BANK_0	(REL,OVR,DATA)
      000000                         35 	.ds 8
                                     36 ;--------------------------------------------------------
                                     37 ; internal ram data
                                     38 ;--------------------------------------------------------
                                     39 	.area DSEG    (DATA)
      000000                         40 _OLED_SetCursor_PARM_2:
      000000                         41 	.ds 1
                                     42 ;--------------------------------------------------------
                                     43 ; overlayable items in internal ram
                                     44 ;--------------------------------------------------------
                                     45 ;--------------------------------------------------------
                                     46 ; indirectly addressable internal ram data
                                     47 ;--------------------------------------------------------
                                     48 	.area ISEG    (DATA)
                                     49 ;--------------------------------------------------------
                                     50 ; absolute internal ram data
                                     51 ;--------------------------------------------------------
                                     52 	.area IABS    (ABS,DATA)
                                     53 	.area IABS    (ABS,DATA)
                                     54 ;--------------------------------------------------------
                                     55 ; bit data
                                     56 ;--------------------------------------------------------
                                     57 	.area BSEG    (BIT)
                                     58 ;--------------------------------------------------------
                                     59 ; paged external ram data
                                     60 ;--------------------------------------------------------
                                     61 	.area PSEG    (PAG,XDATA)
                                     62 ;--------------------------------------------------------
                                     63 ; uninitialized external ram data
                                     64 ;--------------------------------------------------------
                                     65 	.area XSEG    (XDATA)
                                     66 ;--------------------------------------------------------
                                     67 ; absolute external ram data
                                     68 ;--------------------------------------------------------
                                     69 	.area XABS    (ABS,XDATA)
                                     70 ;--------------------------------------------------------
                                     71 ; initialized external ram data
                                     72 ;--------------------------------------------------------
                                     73 	.area XISEG   (XDATA)
                                     74 	.area HOME    (CODE)
                                     75 	.area GSINIT0 (CODE)
                                     76 	.area GSINIT1 (CODE)
                                     77 	.area GSINIT2 (CODE)
                                     78 	.area GSINIT3 (CODE)
                                     79 	.area GSINIT4 (CODE)
                                     80 	.area GSINIT5 (CODE)
                                     81 	.area GSINIT  (CODE)
                                     82 	.area GSFINAL (CODE)
                                     83 	.area CSEG    (CODE)
                                     84 ;--------------------------------------------------------
                                     85 ; global & static initialisations
                                     86 ;--------------------------------------------------------
                                     87 	.area HOME    (CODE)
                                     88 	.area GSINIT  (CODE)
                                     89 	.area GSFINAL (CODE)
                                     90 	.area GSINIT  (CODE)
                                     91 ;--------------------------------------------------------
                                     92 ; Home
                                     93 ;--------------------------------------------------------
                                     94 	.area HOME    (CODE)
                                     95 	.area HOME    (CODE)
                                     96 ;--------------------------------------------------------
                                     97 ; code
                                     98 ;--------------------------------------------------------
                                     99 	.area CSEG    (CODE)
                                    100 ;------------------------------------------------------------
                                    101 ;Allocation info for local variables in function 'OLED_Init'
                                    102 ;------------------------------------------------------------
                                    103 ;	./src/oled_i2c.c:17: void OLED_Init(void)
                                    104 ;	-----------------------------------------
                                    105 ;	 function OLED_Init
                                    106 ;	-----------------------------------------
      000000                        107 _OLED_Init:
                           000007   108 	ar7 = 0x07
                           000006   109 	ar6 = 0x06
                           000005   110 	ar5 = 0x05
                           000004   111 	ar4 = 0x04
                           000003   112 	ar3 = 0x03
                           000002   113 	ar2 = 0x02
                           000001   114 	ar1 = 0x01
                           000000   115 	ar0 = 0x00
                                    116 ;	./src/oled_i2c.c:19: oledSendCommand(0xa8);  //Set MUX Ratio
      000000 75 82 A8         [24]  117 	mov	dpl,#0xa8
      000003 12r01r46         [24]  118 	lcall	_oledSendCommand
                                    119 ;	./src/oled_i2c.c:20: oledSendCommand(0x3f);  
      000006 75 82 3F         [24]  120 	mov	dpl,#0x3f
      000009 12r01r46         [24]  121 	lcall	_oledSendCommand
                                    122 ;	./src/oled_i2c.c:21: oledSendCommand(0xd3);  //Set Display Offset
      00000C 75 82 D3         [24]  123 	mov	dpl,#0xd3
      00000F 12r01r46         [24]  124 	lcall	_oledSendCommand
                                    125 ;	./src/oled_i2c.c:22: oledSendCommand(0x00);  
      000012 75 82 00         [24]  126 	mov	dpl,#0x00
      000015 12r01r46         [24]  127 	lcall	_oledSendCommand
                                    128 ;	./src/oled_i2c.c:23: oledSendCommand(0x40);  //Set Display Start Line
      000018 75 82 40         [24]  129 	mov	dpl,#0x40
      00001B 12r01r46         [24]  130 	lcall	_oledSendCommand
                                    131 ;	./src/oled_i2c.c:24: oledSendCommand(0xa1);  //Set Segment re-map A0h/A1h
      00001E 75 82 A1         [24]  132 	mov	dpl,#0xa1
      000021 12r01r46         [24]  133 	lcall	_oledSendCommand
                                    134 ;	./src/oled_i2c.c:25: oledSendCommand(0xc8);  //Set COM OUTput
      000024 75 82 C8         [24]  135 	mov	dpl,#0xc8
      000027 12r01r46         [24]  136 	lcall	_oledSendCommand
                                    137 ;	./src/oled_i2c.c:26: oledSendCommand(0xda); 
      00002A 75 82 DA         [24]  138 	mov	dpl,#0xda
      00002D 12r01r46         [24]  139 	lcall	_oledSendCommand
                                    140 ;	./src/oled_i2c.c:27: oledSendCommand(0x12);
      000030 75 82 12         [24]  141 	mov	dpl,#0x12
      000033 12r01r46         [24]  142 	lcall	_oledSendCommand
                                    143 ;	./src/oled_i2c.c:28: oledSendCommand(0x81);
      000036 75 82 81         [24]  144 	mov	dpl,#0x81
      000039 12r01r46         [24]  145 	lcall	_oledSendCommand
                                    146 ;	./src/oled_i2c.c:29: oledSendCommand(0x7f);
      00003C 75 82 7F         [24]  147 	mov	dpl,#0x7f
      00003F 12r01r46         [24]  148 	lcall	_oledSendCommand
                                    149 ;	./src/oled_i2c.c:30: oledSendCommand(0xa4);
      000042 75 82 A4         [24]  150 	mov	dpl,#0xa4
      000045 12r01r46         [24]  151 	lcall	_oledSendCommand
                                    152 ;	./src/oled_i2c.c:31: oledSendCommand(0xa6);
      000048 75 82 A6         [24]  153 	mov	dpl,#0xa6
      00004B 12r01r46         [24]  154 	lcall	_oledSendCommand
                                    155 ;	./src/oled_i2c.c:32: oledSendCommand(0xd5);
      00004E 75 82 D5         [24]  156 	mov	dpl,#0xd5
      000051 12r01r46         [24]  157 	lcall	_oledSendCommand
                                    158 ;	./src/oled_i2c.c:33: oledSendCommand(0x80);
      000054 75 82 80         [24]  159 	mov	dpl,#0x80
      000057 12r01r46         [24]  160 	lcall	_oledSendCommand
                                    161 ;	./src/oled_i2c.c:34: oledSendCommand(0x8d);
      00005A 75 82 8D         [24]  162 	mov	dpl,#0x8d
      00005D 12r01r46         [24]  163 	lcall	_oledSendCommand
                                    164 ;	./src/oled_i2c.c:35: oledSendCommand(0x14);
      000060 75 82 14         [24]  165 	mov	dpl,#0x14
      000063 12r01r46         [24]  166 	lcall	_oledSendCommand
                                    167 ;	./src/oled_i2c.c:36: oledSendCommand(0xaf);
      000066 75 82 AF         [24]  168 	mov	dpl,#0xaf
      000069 12r01r46         [24]  169 	lcall	_oledSendCommand
                                    170 ;	./src/oled_i2c.c:38: OLED_Clear();  // Clear the complete LCD during init 
                                    171 ;	./src/oled_i2c.c:39: }
      00006C 02r00rEB         [24]  172 	ljmp	_OLED_Clear
                                    173 ;------------------------------------------------------------
                                    174 ;Allocation info for local variables in function 'OLED_DisplayChar'
                                    175 ;------------------------------------------------------------
                                    176 ;ch                        Allocated to registers r7 
                                    177 ;i                         Allocated to registers r5 
                                    178 ;index                     Allocated to registers r6 r7 
                                    179 ;------------------------------------------------------------
                                    180 ;	./src/oled_i2c.c:51: void OLED_DisplayChar(uint8_t ch)
                                    181 ;	-----------------------------------------
                                    182 ;	 function OLED_DisplayChar
                                    183 ;	-----------------------------------------
      00006F                        184 _OLED_DisplayChar:
      00006F AF 82            [24]  185 	mov	r7,dpl
                                    186 ;	./src/oled_i2c.c:56: if(ch!='\n') {  /* TODO */ 
      000071 BF 0A 01         [24]  187 	cjne	r7,#0x0a,00124$
      000074 22               [24]  188 	ret
      000075                        189 00124$:
                                    190 ;	./src/oled_i2c.c:57: index = (ch - 0x20);
      000075 7E 00            [12]  191 	mov	r6,#0x00
      000077 EF               [12]  192 	mov	a,r7
      000078 24 E0            [12]  193 	add	a,#0xe0
      00007A F5*00            [12]  194 	mov	__mulint_PARM_2,a
      00007C EE               [12]  195 	mov	a,r6
      00007D 34 FF            [12]  196 	addc	a,#0xff
      00007F F5*01            [12]  197 	mov	(__mulint_PARM_2 + 1),a
                                    198 ;	./src/oled_i2c.c:58: index = index * 5; // As the lookup table starts from Space(0x20)
      000081 90 00 05         [24]  199 	mov	dptr,#0x0005
      000084 12r00r00         [24]  200 	lcall	__mulint
      000087 AE 82            [24]  201 	mov	r6,dpl
      000089 AF 83            [24]  202 	mov	r7,dph
                                    203 ;	./src/oled_i2c.c:60: for(i = 0; i < 5; i ++)
      00008B 7D 00            [12]  204 	mov	r5,#0x00
      00008D                        205 00104$:
                                    206 ;	./src/oled_i2c.c:61: oledSendData(OledFontTable[index + i]); /* Get the data to be displayed for LookUptable*/
      00008D 8D 03            [24]  207 	mov	ar3,r5
      00008F 7C 00            [12]  208 	mov	r4,#0x00
      000091 EB               [12]  209 	mov	a,r3
      000092 2E               [12]  210 	add	a,r6
      000093 FB               [12]  211 	mov	r3,a
      000094 EC               [12]  212 	mov	a,r4
      000095 3F               [12]  213 	addc	a,r7
      000096 FC               [12]  214 	mov	r4,a
      000097 EB               [12]  215 	mov	a,r3
      000098 24r00            [12]  216 	add	a,#_OledFontTable
      00009A F5 82            [12]  217 	mov	dpl,a
      00009C EC               [12]  218 	mov	a,r4
      00009D 34s00            [12]  219 	addc	a,#(_OledFontTable >> 8)
      00009F F5 83            [12]  220 	mov	dph,a
      0000A1 E4               [12]  221 	clr	a
      0000A2 93               [24]  222 	movc	a,@a+dptr
      0000A3 F5 82            [12]  223 	mov	dpl,a
      0000A5 C0 07            [24]  224 	push	ar7
      0000A7 C0 06            [24]  225 	push	ar6
      0000A9 C0 05            [24]  226 	push	ar5
      0000AB 12r01r52         [24]  227 	lcall	_oledSendData
      0000AE D0 05            [24]  228 	pop	ar5
      0000B0 D0 06            [24]  229 	pop	ar6
      0000B2 D0 07            [24]  230 	pop	ar7
                                    231 ;	./src/oled_i2c.c:60: for(i = 0; i < 5; i ++)
      0000B4 0D               [12]  232 	inc	r5
      0000B5 BD 05 00         [24]  233 	cjne	r5,#0x05,00125$
      0000B8                        234 00125$:
      0000B8 40 D3            [24]  235 	jc	00104$
                                    236 ;	./src/oled_i2c.c:63: oledSendData(0x00); /* Display the data and keep track of cursor */
      0000BA 75 82 00         [24]  237 	mov	dpl,#0x00
                                    238 ;	./src/oled_i2c.c:65: }
      0000BD 02r01r52         [24]  239 	ljmp	_oledSendData
                                    240 ;------------------------------------------------------------
                                    241 ;Allocation info for local variables in function 'OLED_DisplayString'
                                    242 ;------------------------------------------------------------
                                    243 ;ptr                       Allocated to registers 
                                    244 ;------------------------------------------------------------
                                    245 ;	./src/oled_i2c.c:81: void OLED_DisplayString(uint8_t *ptr)
                                    246 ;	-----------------------------------------
                                    247 ;	 function OLED_DisplayString
                                    248 ;	-----------------------------------------
      0000C0                        249 _OLED_DisplayString:
      0000C0 AD 82            [24]  250 	mov	r5,dpl
      0000C2 AE 83            [24]  251 	mov	r6,dph
      0000C4 AF F0            [24]  252 	mov	r7,b
                                    253 ;	./src/oled_i2c.c:83: while(*ptr)
      0000C6                        254 00101$:
      0000C6 8D 82            [24]  255 	mov	dpl,r5
      0000C8 8E 83            [24]  256 	mov	dph,r6
      0000CA 8F F0            [24]  257 	mov	b,r7
      0000CC 12r00r00         [24]  258 	lcall	__gptrget
      0000CF FC               [12]  259 	mov	r4,a
      0000D0 60 18            [24]  260 	jz	00104$
                                    261 ;	./src/oled_i2c.c:84: OLED_DisplayChar(*ptr++);
      0000D2 8C 82            [24]  262 	mov	dpl,r4
      0000D4 0D               [12]  263 	inc	r5
      0000D5 BD 00 01         [24]  264 	cjne	r5,#0x00,00116$
      0000D8 0E               [12]  265 	inc	r6
      0000D9                        266 00116$:
      0000D9 C0 07            [24]  267 	push	ar7
      0000DB C0 06            [24]  268 	push	ar6
      0000DD C0 05            [24]  269 	push	ar5
      0000DF 12r00r6F         [24]  270 	lcall	_OLED_DisplayChar
      0000E2 D0 05            [24]  271 	pop	ar5
      0000E4 D0 06            [24]  272 	pop	ar6
      0000E6 D0 07            [24]  273 	pop	ar7
      0000E8 80 DC            [24]  274 	sjmp	00101$
      0000EA                        275 00104$:
                                    276 ;	./src/oled_i2c.c:85: }
      0000EA 22               [24]  277 	ret
                                    278 ;------------------------------------------------------------
                                    279 ;Allocation info for local variables in function 'OLED_Clear'
                                    280 ;------------------------------------------------------------
                                    281 ;oled_clean_col            Allocated to registers r6 
                                    282 ;oled_clean_page           Allocated to registers r7 
                                    283 ;------------------------------------------------------------
                                    284 ;	./src/oled_i2c.c:96: void OLED_Clear(void)
                                    285 ;	-----------------------------------------
                                    286 ;	 function OLED_Clear
                                    287 ;	-----------------------------------------
      0000EB                        288 _OLED_Clear:
                                    289 ;	./src/oled_i2c.c:99: for(oled_clean_page = 0 ; oled_clean_page < 8 ; oled_clean_page ++) {
      0000EB 7F 00            [12]  290 	mov	r7,#0x00
      0000ED                        291 00105$:
                                    292 ;	./src/oled_i2c.c:100: OLED_SetCursor(oled_clean_page,0);
      0000ED 75*00 00         [24]  293 	mov	_OLED_SetCursor_PARM_2,#0x00
      0000F0 8F 82            [24]  294 	mov	dpl,r7
      0000F2 C0 07            [24]  295 	push	ar7
      0000F4 12r01r16         [24]  296 	lcall	_OLED_SetCursor
      0000F7 D0 07            [24]  297 	pop	ar7
                                    298 ;	./src/oled_i2c.c:101: for(oled_clean_col= 0 ; oled_clean_col < 128 ; oled_clean_col ++) {
      0000F9 7E 00            [12]  299 	mov	r6,#0x00
      0000FB                        300 00103$:
                                    301 ;	./src/oled_i2c.c:102: oledSendData(0);
      0000FB 75 82 00         [24]  302 	mov	dpl,#0x00
      0000FE C0 07            [24]  303 	push	ar7
      000100 C0 06            [24]  304 	push	ar6
      000102 12r01r52         [24]  305 	lcall	_oledSendData
      000105 D0 06            [24]  306 	pop	ar6
      000107 D0 07            [24]  307 	pop	ar7
                                    308 ;	./src/oled_i2c.c:101: for(oled_clean_col= 0 ; oled_clean_col < 128 ; oled_clean_col ++) {
      000109 0E               [12]  309 	inc	r6
      00010A BE 80 00         [24]  310 	cjne	r6,#0x80,00123$
      00010D                        311 00123$:
      00010D 40 EC            [24]  312 	jc	00103$
                                    313 ;	./src/oled_i2c.c:99: for(oled_clean_page = 0 ; oled_clean_page < 8 ; oled_clean_page ++) {
      00010F 0F               [12]  314 	inc	r7
      000110 BF 08 00         [24]  315 	cjne	r7,#0x08,00125$
      000113                        316 00125$:
      000113 40 D8            [24]  317 	jc	00105$
                                    318 ;	./src/oled_i2c.c:105: }
      000115 22               [24]  319 	ret
                                    320 ;------------------------------------------------------------
                                    321 ;Allocation info for local variables in function 'OLED_SetCursor'
                                    322 ;------------------------------------------------------------
                                    323 ;cursorPosition            Allocated with name '_OLED_SetCursor_PARM_2'
                                    324 ;lineNumber                Allocated to registers r7 
                                    325 ;------------------------------------------------------------
                                    326 ;	./src/oled_i2c.c:122: void OLED_SetCursor(uint8_t lineNumber,uint8_t cursorPosition)
                                    327 ;	-----------------------------------------
                                    328 ;	 function OLED_SetCursor
                                    329 ;	-----------------------------------------
      000116                        330 _OLED_SetCursor:
      000116 AF 82            [24]  331 	mov	r7,dpl
                                    332 ;	./src/oled_i2c.c:124: cursorPosition = cursorPosition + 2;
      000118 AE*00            [24]  333 	mov	r6,_OLED_SetCursor_PARM_2
      00011A 74 02            [12]  334 	mov	a,#0x02
      00011C 2E               [12]  335 	add	a,r6
      00011D F5*00            [12]  336 	mov	_OLED_SetCursor_PARM_2,a
                                    337 ;	./src/oled_i2c.c:125: oledSendCommand(0x0f&cursorPosition); // Select SEG lower 4 bits
      00011F AE*00            [24]  338 	mov	r6,_OLED_SetCursor_PARM_2
      000121 74 0F            [12]  339 	mov	a,#0x0f
      000123 5E               [12]  340 	anl	a,r6
      000124 F5 82            [12]  341 	mov	dpl,a
      000126 C0 07            [24]  342 	push	ar7
      000128 C0 06            [24]  343 	push	ar6
      00012A 12r01r46         [24]  344 	lcall	_oledSendCommand
      00012D D0 06            [24]  345 	pop	ar6
                                    346 ;	./src/oled_i2c.c:126: oledSendCommand(0x10|(cursorPosition>>4)); // Select SEG higher 4 bits
      00012F EE               [12]  347 	mov	a,r6
      000130 C4               [12]  348 	swap	a
      000131 54 0F            [12]  349 	anl	a,#0x0f
      000133 FE               [12]  350 	mov	r6,a
      000134 74 10            [12]  351 	mov	a,#0x10
      000136 4E               [12]  352 	orl	a,r6
      000137 F5 82            [12]  353 	mov	dpl,a
      000139 12r01r46         [24]  354 	lcall	_oledSendCommand
      00013C D0 07            [24]  355 	pop	ar7
                                    356 ;	./src/oled_i2c.c:127: oledSendCommand(0xb0|lineNumber); // Select PAGE
      00013E 74 B0            [12]  357 	mov	a,#0xb0
      000140 4F               [12]  358 	orl	a,r7
      000141 F5 82            [12]  359 	mov	dpl,a
                                    360 ;	./src/oled_i2c.c:128: }
      000143 02r01r46         [24]  361 	ljmp	_oledSendCommand
                                    362 ;------------------------------------------------------------
                                    363 ;Allocation info for local variables in function 'oledSendCommand'
                                    364 ;------------------------------------------------------------
                                    365 ;cmd                       Allocated to registers 
                                    366 ;------------------------------------------------------------
                                    367 ;	./src/oled_i2c.c:133: void oledSendCommand(uint8_t cmd)
                                    368 ;	-----------------------------------------
                                    369 ;	 function oledSendCommand
                                    370 ;	-----------------------------------------
      000146                        371 _oledSendCommand:
      000146 85 82*00         [24]  372 	mov	_Single_WriteI2C_PARM_3,dpl
                                    373 ;	./src/oled_i2c.c:135: Single_WriteI2C(OLED_SlaveAddress, SSD1306_COMMAND, cmd);
      000149 75*00 00         [24]  374 	mov	_Single_WriteI2C_PARM_2,#0x00
      00014C 75 82 78         [24]  375 	mov	dpl,#0x78
                                    376 ;	./src/oled_i2c.c:136: }
      00014F 02r00r00         [24]  377 	ljmp	_Single_WriteI2C
                                    378 ;------------------------------------------------------------
                                    379 ;Allocation info for local variables in function 'oledSendData'
                                    380 ;------------------------------------------------------------
                                    381 ;cmd                       Allocated to registers 
                                    382 ;------------------------------------------------------------
                                    383 ;	./src/oled_i2c.c:138: void oledSendData(uint8_t cmd)
                                    384 ;	-----------------------------------------
                                    385 ;	 function oledSendData
                                    386 ;	-----------------------------------------
      000152                        387 _oledSendData:
      000152 85 82*00         [24]  388 	mov	_Single_WriteI2C_PARM_3,dpl
                                    389 ;	./src/oled_i2c.c:140: Single_WriteI2C(OLED_SlaveAddress, SSD1306_DATA_CONTINUE, cmd);
      000155 75*00 40         [24]  390 	mov	_Single_WriteI2C_PARM_2,#0x40
      000158 75 82 78         [24]  391 	mov	dpl,#0x78
                                    392 ;	./src/oled_i2c.c:141: }
      00015B 02r00r00         [24]  393 	ljmp	_Single_WriteI2C
                                    394 	.area CSEG    (CODE)
                                    395 	.area CONST   (CODE)
      000000                        396 _OledFontTable:
      000000 00                     397 	.db #0x00	; 0
      000001 00                     398 	.db #0x00	; 0
      000002 00                     399 	.db #0x00	; 0
      000003 00                     400 	.db #0x00	; 0
      000004 00                     401 	.db #0x00	; 0
      000005 00                     402 	.db #0x00	; 0
      000006 00                     403 	.db #0x00	; 0
      000007 2F                     404 	.db #0x2f	; 47
      000008 00                     405 	.db #0x00	; 0
      000009 00                     406 	.db #0x00	; 0
      00000A 00                     407 	.db #0x00	; 0
      00000B 07                     408 	.db #0x07	; 7
      00000C 00                     409 	.db #0x00	; 0
      00000D 07                     410 	.db #0x07	; 7
      00000E 00                     411 	.db #0x00	; 0
      00000F 14                     412 	.db #0x14	; 20
      000010 7F                     413 	.db #0x7f	; 127
      000011 14                     414 	.db #0x14	; 20
      000012 7F                     415 	.db #0x7f	; 127
      000013 14                     416 	.db #0x14	; 20
      000014 24                     417 	.db #0x24	; 36
      000015 2A                     418 	.db #0x2a	; 42
      000016 7F                     419 	.db #0x7f	; 127
      000017 2A                     420 	.db #0x2a	; 42
      000018 12                     421 	.db #0x12	; 18
      000019 23                     422 	.db #0x23	; 35
      00001A 13                     423 	.db #0x13	; 19
      00001B 08                     424 	.db #0x08	; 8
      00001C 64                     425 	.db #0x64	; 100	'd'
      00001D 62                     426 	.db #0x62	; 98	'b'
      00001E 36                     427 	.db #0x36	; 54	'6'
      00001F 49                     428 	.db #0x49	; 73	'I'
      000020 55                     429 	.db #0x55	; 85	'U'
      000021 22                     430 	.db #0x22	; 34
      000022 50                     431 	.db #0x50	; 80	'P'
      000023 00                     432 	.db #0x00	; 0
      000024 05                     433 	.db #0x05	; 5
      000025 03                     434 	.db #0x03	; 3
      000026 00                     435 	.db #0x00	; 0
      000027 00                     436 	.db #0x00	; 0
      000028 00                     437 	.db #0x00	; 0
      000029 1C                     438 	.db #0x1c	; 28
      00002A 22                     439 	.db #0x22	; 34
      00002B 41                     440 	.db #0x41	; 65	'A'
      00002C 00                     441 	.db #0x00	; 0
      00002D 00                     442 	.db #0x00	; 0
      00002E 41                     443 	.db #0x41	; 65	'A'
      00002F 22                     444 	.db #0x22	; 34
      000030 1C                     445 	.db #0x1c	; 28
      000031 00                     446 	.db #0x00	; 0
      000032 14                     447 	.db #0x14	; 20
      000033 08                     448 	.db #0x08	; 8
      000034 3E                     449 	.db #0x3e	; 62
      000035 08                     450 	.db #0x08	; 8
      000036 14                     451 	.db #0x14	; 20
      000037 08                     452 	.db #0x08	; 8
      000038 08                     453 	.db #0x08	; 8
      000039 3E                     454 	.db #0x3e	; 62
      00003A 08                     455 	.db #0x08	; 8
      00003B 08                     456 	.db #0x08	; 8
      00003C 00                     457 	.db #0x00	; 0
      00003D 00                     458 	.db #0x00	; 0
      00003E A0                     459 	.db #0xa0	; 160
      00003F 60                     460 	.db #0x60	; 96
      000040 00                     461 	.db #0x00	; 0
      000041 08                     462 	.db #0x08	; 8
      000042 08                     463 	.db #0x08	; 8
      000043 08                     464 	.db #0x08	; 8
      000044 08                     465 	.db #0x08	; 8
      000045 08                     466 	.db #0x08	; 8
      000046 00                     467 	.db #0x00	; 0
      000047 60                     468 	.db #0x60	; 96
      000048 60                     469 	.db #0x60	; 96
      000049 00                     470 	.db #0x00	; 0
      00004A 00                     471 	.db #0x00	; 0
      00004B 20                     472 	.db #0x20	; 32
      00004C 10                     473 	.db #0x10	; 16
      00004D 08                     474 	.db #0x08	; 8
      00004E 04                     475 	.db #0x04	; 4
      00004F 02                     476 	.db #0x02	; 2
      000050 3E                     477 	.db #0x3e	; 62
      000051 51                     478 	.db #0x51	; 81	'Q'
      000052 49                     479 	.db #0x49	; 73	'I'
      000053 45                     480 	.db #0x45	; 69	'E'
      000054 3E                     481 	.db #0x3e	; 62
      000055 00                     482 	.db #0x00	; 0
      000056 42                     483 	.db #0x42	; 66	'B'
      000057 7F                     484 	.db #0x7f	; 127
      000058 40                     485 	.db #0x40	; 64
      000059 00                     486 	.db #0x00	; 0
      00005A 42                     487 	.db #0x42	; 66	'B'
      00005B 61                     488 	.db #0x61	; 97	'a'
      00005C 51                     489 	.db #0x51	; 81	'Q'
      00005D 49                     490 	.db #0x49	; 73	'I'
      00005E 46                     491 	.db #0x46	; 70	'F'
      00005F 21                     492 	.db #0x21	; 33
      000060 41                     493 	.db #0x41	; 65	'A'
      000061 45                     494 	.db #0x45	; 69	'E'
      000062 4B                     495 	.db #0x4b	; 75	'K'
      000063 31                     496 	.db #0x31	; 49	'1'
      000064 18                     497 	.db #0x18	; 24
      000065 14                     498 	.db #0x14	; 20
      000066 12                     499 	.db #0x12	; 18
      000067 7F                     500 	.db #0x7f	; 127
      000068 10                     501 	.db #0x10	; 16
      000069 27                     502 	.db #0x27	; 39
      00006A 45                     503 	.db #0x45	; 69	'E'
      00006B 45                     504 	.db #0x45	; 69	'E'
      00006C 45                     505 	.db #0x45	; 69	'E'
      00006D 39                     506 	.db #0x39	; 57	'9'
      00006E 3C                     507 	.db #0x3c	; 60
      00006F 4A                     508 	.db #0x4a	; 74	'J'
      000070 49                     509 	.db #0x49	; 73	'I'
      000071 49                     510 	.db #0x49	; 73	'I'
      000072 30                     511 	.db #0x30	; 48	'0'
      000073 01                     512 	.db #0x01	; 1
      000074 71                     513 	.db #0x71	; 113	'q'
      000075 09                     514 	.db #0x09	; 9
      000076 05                     515 	.db #0x05	; 5
      000077 03                     516 	.db #0x03	; 3
      000078 36                     517 	.db #0x36	; 54	'6'
      000079 49                     518 	.db #0x49	; 73	'I'
      00007A 49                     519 	.db #0x49	; 73	'I'
      00007B 49                     520 	.db #0x49	; 73	'I'
      00007C 36                     521 	.db #0x36	; 54	'6'
      00007D 06                     522 	.db #0x06	; 6
      00007E 49                     523 	.db #0x49	; 73	'I'
      00007F 49                     524 	.db #0x49	; 73	'I'
      000080 29                     525 	.db #0x29	; 41
      000081 1E                     526 	.db #0x1e	; 30
      000082 00                     527 	.db #0x00	; 0
      000083 36                     528 	.db #0x36	; 54	'6'
      000084 36                     529 	.db #0x36	; 54	'6'
      000085 00                     530 	.db #0x00	; 0
      000086 00                     531 	.db #0x00	; 0
      000087 00                     532 	.db #0x00	; 0
      000088 56                     533 	.db #0x56	; 86	'V'
      000089 36                     534 	.db #0x36	; 54	'6'
      00008A 00                     535 	.db #0x00	; 0
      00008B 00                     536 	.db #0x00	; 0
      00008C 08                     537 	.db #0x08	; 8
      00008D 14                     538 	.db #0x14	; 20
      00008E 22                     539 	.db #0x22	; 34
      00008F 41                     540 	.db #0x41	; 65	'A'
      000090 00                     541 	.db #0x00	; 0
      000091 14                     542 	.db #0x14	; 20
      000092 14                     543 	.db #0x14	; 20
      000093 14                     544 	.db #0x14	; 20
      000094 14                     545 	.db #0x14	; 20
      000095 14                     546 	.db #0x14	; 20
      000096 00                     547 	.db #0x00	; 0
      000097 41                     548 	.db #0x41	; 65	'A'
      000098 22                     549 	.db #0x22	; 34
      000099 14                     550 	.db #0x14	; 20
      00009A 08                     551 	.db #0x08	; 8
      00009B 02                     552 	.db #0x02	; 2
      00009C 01                     553 	.db #0x01	; 1
      00009D 51                     554 	.db #0x51	; 81	'Q'
      00009E 09                     555 	.db #0x09	; 9
      00009F 06                     556 	.db #0x06	; 6
      0000A0 32                     557 	.db #0x32	; 50	'2'
      0000A1 49                     558 	.db #0x49	; 73	'I'
      0000A2 59                     559 	.db #0x59	; 89	'Y'
      0000A3 51                     560 	.db #0x51	; 81	'Q'
      0000A4 3E                     561 	.db #0x3e	; 62
      0000A5 7C                     562 	.db #0x7c	; 124
      0000A6 12                     563 	.db #0x12	; 18
      0000A7 11                     564 	.db #0x11	; 17
      0000A8 12                     565 	.db #0x12	; 18
      0000A9 7C                     566 	.db #0x7c	; 124
      0000AA 7F                     567 	.db #0x7f	; 127
      0000AB 49                     568 	.db #0x49	; 73	'I'
      0000AC 49                     569 	.db #0x49	; 73	'I'
      0000AD 49                     570 	.db #0x49	; 73	'I'
      0000AE 36                     571 	.db #0x36	; 54	'6'
      0000AF 3E                     572 	.db #0x3e	; 62
      0000B0 41                     573 	.db #0x41	; 65	'A'
      0000B1 41                     574 	.db #0x41	; 65	'A'
      0000B2 41                     575 	.db #0x41	; 65	'A'
      0000B3 22                     576 	.db #0x22	; 34
      0000B4 7F                     577 	.db #0x7f	; 127
      0000B5 41                     578 	.db #0x41	; 65	'A'
      0000B6 41                     579 	.db #0x41	; 65	'A'
      0000B7 22                     580 	.db #0x22	; 34
      0000B8 1C                     581 	.db #0x1c	; 28
      0000B9 7F                     582 	.db #0x7f	; 127
      0000BA 49                     583 	.db #0x49	; 73	'I'
      0000BB 49                     584 	.db #0x49	; 73	'I'
      0000BC 49                     585 	.db #0x49	; 73	'I'
      0000BD 41                     586 	.db #0x41	; 65	'A'
      0000BE 7F                     587 	.db #0x7f	; 127
      0000BF 09                     588 	.db #0x09	; 9
      0000C0 09                     589 	.db #0x09	; 9
      0000C1 09                     590 	.db #0x09	; 9
      0000C2 01                     591 	.db #0x01	; 1
      0000C3 3E                     592 	.db #0x3e	; 62
      0000C4 41                     593 	.db #0x41	; 65	'A'
      0000C5 49                     594 	.db #0x49	; 73	'I'
      0000C6 49                     595 	.db #0x49	; 73	'I'
      0000C7 7A                     596 	.db #0x7a	; 122	'z'
      0000C8 7F                     597 	.db #0x7f	; 127
      0000C9 08                     598 	.db #0x08	; 8
      0000CA 08                     599 	.db #0x08	; 8
      0000CB 08                     600 	.db #0x08	; 8
      0000CC 7F                     601 	.db #0x7f	; 127
      0000CD 00                     602 	.db #0x00	; 0
      0000CE 41                     603 	.db #0x41	; 65	'A'
      0000CF 7F                     604 	.db #0x7f	; 127
      0000D0 41                     605 	.db #0x41	; 65	'A'
      0000D1 00                     606 	.db #0x00	; 0
      0000D2 20                     607 	.db #0x20	; 32
      0000D3 40                     608 	.db #0x40	; 64
      0000D4 41                     609 	.db #0x41	; 65	'A'
      0000D5 3F                     610 	.db #0x3f	; 63
      0000D6 01                     611 	.db #0x01	; 1
      0000D7 7F                     612 	.db #0x7f	; 127
      0000D8 08                     613 	.db #0x08	; 8
      0000D9 14                     614 	.db #0x14	; 20
      0000DA 22                     615 	.db #0x22	; 34
      0000DB 41                     616 	.db #0x41	; 65	'A'
      0000DC 7F                     617 	.db #0x7f	; 127
      0000DD 40                     618 	.db #0x40	; 64
      0000DE 40                     619 	.db #0x40	; 64
      0000DF 40                     620 	.db #0x40	; 64
      0000E0 40                     621 	.db #0x40	; 64
      0000E1 7F                     622 	.db #0x7f	; 127
      0000E2 02                     623 	.db #0x02	; 2
      0000E3 0C                     624 	.db #0x0c	; 12
      0000E4 02                     625 	.db #0x02	; 2
      0000E5 7F                     626 	.db #0x7f	; 127
      0000E6 7F                     627 	.db #0x7f	; 127
      0000E7 04                     628 	.db #0x04	; 4
      0000E8 08                     629 	.db #0x08	; 8
      0000E9 10                     630 	.db #0x10	; 16
      0000EA 7F                     631 	.db #0x7f	; 127
      0000EB 3E                     632 	.db #0x3e	; 62
      0000EC 41                     633 	.db #0x41	; 65	'A'
      0000ED 41                     634 	.db #0x41	; 65	'A'
      0000EE 41                     635 	.db #0x41	; 65	'A'
      0000EF 3E                     636 	.db #0x3e	; 62
      0000F0 7F                     637 	.db #0x7f	; 127
      0000F1 09                     638 	.db #0x09	; 9
      0000F2 09                     639 	.db #0x09	; 9
      0000F3 09                     640 	.db #0x09	; 9
      0000F4 06                     641 	.db #0x06	; 6
      0000F5 3E                     642 	.db #0x3e	; 62
      0000F6 41                     643 	.db #0x41	; 65	'A'
      0000F7 51                     644 	.db #0x51	; 81	'Q'
      0000F8 21                     645 	.db #0x21	; 33
      0000F9 5E                     646 	.db #0x5e	; 94
      0000FA 7F                     647 	.db #0x7f	; 127
      0000FB 09                     648 	.db #0x09	; 9
      0000FC 19                     649 	.db #0x19	; 25
      0000FD 29                     650 	.db #0x29	; 41
      0000FE 46                     651 	.db #0x46	; 70	'F'
      0000FF 46                     652 	.db #0x46	; 70	'F'
      000100 49                     653 	.db #0x49	; 73	'I'
      000101 49                     654 	.db #0x49	; 73	'I'
      000102 49                     655 	.db #0x49	; 73	'I'
      000103 31                     656 	.db #0x31	; 49	'1'
      000104 01                     657 	.db #0x01	; 1
      000105 01                     658 	.db #0x01	; 1
      000106 7F                     659 	.db #0x7f	; 127
      000107 01                     660 	.db #0x01	; 1
      000108 01                     661 	.db #0x01	; 1
      000109 3F                     662 	.db #0x3f	; 63
      00010A 40                     663 	.db #0x40	; 64
      00010B 40                     664 	.db #0x40	; 64
      00010C 40                     665 	.db #0x40	; 64
      00010D 3F                     666 	.db #0x3f	; 63
      00010E 1F                     667 	.db #0x1f	; 31
      00010F 20                     668 	.db #0x20	; 32
      000110 40                     669 	.db #0x40	; 64
      000111 20                     670 	.db #0x20	; 32
      000112 1F                     671 	.db #0x1f	; 31
      000113 3F                     672 	.db #0x3f	; 63
      000114 40                     673 	.db #0x40	; 64
      000115 38                     674 	.db #0x38	; 56	'8'
      000116 40                     675 	.db #0x40	; 64
      000117 3F                     676 	.db #0x3f	; 63
      000118 63                     677 	.db #0x63	; 99	'c'
      000119 14                     678 	.db #0x14	; 20
      00011A 08                     679 	.db #0x08	; 8
      00011B 14                     680 	.db #0x14	; 20
      00011C 63                     681 	.db #0x63	; 99	'c'
      00011D 07                     682 	.db #0x07	; 7
      00011E 08                     683 	.db #0x08	; 8
      00011F 70                     684 	.db #0x70	; 112	'p'
      000120 08                     685 	.db #0x08	; 8
      000121 07                     686 	.db #0x07	; 7
      000122 61                     687 	.db #0x61	; 97	'a'
      000123 51                     688 	.db #0x51	; 81	'Q'
      000124 49                     689 	.db #0x49	; 73	'I'
      000125 45                     690 	.db #0x45	; 69	'E'
      000126 43                     691 	.db #0x43	; 67	'C'
      000127 00                     692 	.db #0x00	; 0
      000128 7F                     693 	.db #0x7f	; 127
      000129 41                     694 	.db #0x41	; 65	'A'
      00012A 41                     695 	.db #0x41	; 65	'A'
      00012B 00                     696 	.db #0x00	; 0
      00012C 55                     697 	.db #0x55	; 85	'U'
      00012D AA                     698 	.db #0xaa	; 170
      00012E 55                     699 	.db #0x55	; 85	'U'
      00012F AA                     700 	.db #0xaa	; 170
      000130 55                     701 	.db #0x55	; 85	'U'
      000131 00                     702 	.db #0x00	; 0
      000132 41                     703 	.db #0x41	; 65	'A'
      000133 41                     704 	.db #0x41	; 65	'A'
      000134 7F                     705 	.db #0x7f	; 127
      000135 00                     706 	.db #0x00	; 0
      000136 04                     707 	.db #0x04	; 4
      000137 02                     708 	.db #0x02	; 2
      000138 01                     709 	.db #0x01	; 1
      000139 02                     710 	.db #0x02	; 2
      00013A 04                     711 	.db #0x04	; 4
      00013B 40                     712 	.db #0x40	; 64
      00013C 40                     713 	.db #0x40	; 64
      00013D 40                     714 	.db #0x40	; 64
      00013E 40                     715 	.db #0x40	; 64
      00013F 40                     716 	.db #0x40	; 64
      000140 00                     717 	.db #0x00	; 0
      000141 03                     718 	.db #0x03	; 3
      000142 05                     719 	.db #0x05	; 5
      000143 00                     720 	.db #0x00	; 0
      000144 00                     721 	.db #0x00	; 0
      000145 20                     722 	.db #0x20	; 32
      000146 54                     723 	.db #0x54	; 84	'T'
      000147 54                     724 	.db #0x54	; 84	'T'
      000148 54                     725 	.db #0x54	; 84	'T'
      000149 78                     726 	.db #0x78	; 120	'x'
      00014A 7F                     727 	.db #0x7f	; 127
      00014B 48                     728 	.db #0x48	; 72	'H'
      00014C 44                     729 	.db #0x44	; 68	'D'
      00014D 44                     730 	.db #0x44	; 68	'D'
      00014E 38                     731 	.db #0x38	; 56	'8'
      00014F 38                     732 	.db #0x38	; 56	'8'
      000150 44                     733 	.db #0x44	; 68	'D'
      000151 44                     734 	.db #0x44	; 68	'D'
      000152 44                     735 	.db #0x44	; 68	'D'
      000153 20                     736 	.db #0x20	; 32
      000154 38                     737 	.db #0x38	; 56	'8'
      000155 44                     738 	.db #0x44	; 68	'D'
      000156 44                     739 	.db #0x44	; 68	'D'
      000157 48                     740 	.db #0x48	; 72	'H'
      000158 7F                     741 	.db #0x7f	; 127
      000159 38                     742 	.db #0x38	; 56	'8'
      00015A 54                     743 	.db #0x54	; 84	'T'
      00015B 54                     744 	.db #0x54	; 84	'T'
      00015C 54                     745 	.db #0x54	; 84	'T'
      00015D 18                     746 	.db #0x18	; 24
      00015E 08                     747 	.db #0x08	; 8
      00015F 7E                     748 	.db #0x7e	; 126
      000160 09                     749 	.db #0x09	; 9
      000161 01                     750 	.db #0x01	; 1
      000162 02                     751 	.db #0x02	; 2
      000163 18                     752 	.db #0x18	; 24
      000164 A4                     753 	.db #0xa4	; 164
      000165 A4                     754 	.db #0xa4	; 164
      000166 A4                     755 	.db #0xa4	; 164
      000167 7C                     756 	.db #0x7c	; 124
      000168 7F                     757 	.db #0x7f	; 127
      000169 08                     758 	.db #0x08	; 8
      00016A 04                     759 	.db #0x04	; 4
      00016B 04                     760 	.db #0x04	; 4
      00016C 78                     761 	.db #0x78	; 120	'x'
      00016D 00                     762 	.db #0x00	; 0
      00016E 44                     763 	.db #0x44	; 68	'D'
      00016F 7D                     764 	.db #0x7d	; 125
      000170 40                     765 	.db #0x40	; 64
      000171 00                     766 	.db #0x00	; 0
      000172 40                     767 	.db #0x40	; 64
      000173 80                     768 	.db #0x80	; 128
      000174 84                     769 	.db #0x84	; 132
      000175 7D                     770 	.db #0x7d	; 125
      000176 00                     771 	.db #0x00	; 0
      000177 7F                     772 	.db #0x7f	; 127
      000178 10                     773 	.db #0x10	; 16
      000179 28                     774 	.db #0x28	; 40
      00017A 44                     775 	.db #0x44	; 68	'D'
      00017B 00                     776 	.db #0x00	; 0
      00017C 00                     777 	.db #0x00	; 0
      00017D 41                     778 	.db #0x41	; 65	'A'
      00017E 7F                     779 	.db #0x7f	; 127
      00017F 40                     780 	.db #0x40	; 64
      000180 00                     781 	.db #0x00	; 0
      000181 7C                     782 	.db #0x7c	; 124
      000182 04                     783 	.db #0x04	; 4
      000183 18                     784 	.db #0x18	; 24
      000184 04                     785 	.db #0x04	; 4
      000185 78                     786 	.db #0x78	; 120	'x'
      000186 7C                     787 	.db #0x7c	; 124
      000187 08                     788 	.db #0x08	; 8
      000188 04                     789 	.db #0x04	; 4
      000189 04                     790 	.db #0x04	; 4
      00018A 78                     791 	.db #0x78	; 120	'x'
      00018B 38                     792 	.db #0x38	; 56	'8'
      00018C 44                     793 	.db #0x44	; 68	'D'
      00018D 44                     794 	.db #0x44	; 68	'D'
      00018E 44                     795 	.db #0x44	; 68	'D'
      00018F 38                     796 	.db #0x38	; 56	'8'
      000190 FC                     797 	.db #0xfc	; 252
      000191 24                     798 	.db #0x24	; 36
      000192 24                     799 	.db #0x24	; 36
      000193 24                     800 	.db #0x24	; 36
      000194 18                     801 	.db #0x18	; 24
      000195 18                     802 	.db #0x18	; 24
      000196 24                     803 	.db #0x24	; 36
      000197 24                     804 	.db #0x24	; 36
      000198 18                     805 	.db #0x18	; 24
      000199 FC                     806 	.db #0xfc	; 252
      00019A 7C                     807 	.db #0x7c	; 124
      00019B 08                     808 	.db #0x08	; 8
      00019C 04                     809 	.db #0x04	; 4
      00019D 04                     810 	.db #0x04	; 4
      00019E 08                     811 	.db #0x08	; 8
      00019F 48                     812 	.db #0x48	; 72	'H'
      0001A0 54                     813 	.db #0x54	; 84	'T'
      0001A1 54                     814 	.db #0x54	; 84	'T'
      0001A2 54                     815 	.db #0x54	; 84	'T'
      0001A3 20                     816 	.db #0x20	; 32
      0001A4 04                     817 	.db #0x04	; 4
      0001A5 3F                     818 	.db #0x3f	; 63
      0001A6 44                     819 	.db #0x44	; 68	'D'
      0001A7 40                     820 	.db #0x40	; 64
      0001A8 20                     821 	.db #0x20	; 32
      0001A9 3C                     822 	.db #0x3c	; 60
      0001AA 40                     823 	.db #0x40	; 64
      0001AB 40                     824 	.db #0x40	; 64
      0001AC 20                     825 	.db #0x20	; 32
      0001AD 7C                     826 	.db #0x7c	; 124
      0001AE 1C                     827 	.db #0x1c	; 28
      0001AF 20                     828 	.db #0x20	; 32
      0001B0 40                     829 	.db #0x40	; 64
      0001B1 20                     830 	.db #0x20	; 32
      0001B2 1C                     831 	.db #0x1c	; 28
      0001B3 3C                     832 	.db #0x3c	; 60
      0001B4 40                     833 	.db #0x40	; 64
      0001B5 30                     834 	.db #0x30	; 48	'0'
      0001B6 40                     835 	.db #0x40	; 64
      0001B7 3C                     836 	.db #0x3c	; 60
      0001B8 44                     837 	.db #0x44	; 68	'D'
      0001B9 28                     838 	.db #0x28	; 40
      0001BA 10                     839 	.db #0x10	; 16
      0001BB 28                     840 	.db #0x28	; 40
      0001BC 44                     841 	.db #0x44	; 68	'D'
      0001BD 1C                     842 	.db #0x1c	; 28
      0001BE A0                     843 	.db #0xa0	; 160
      0001BF A0                     844 	.db #0xa0	; 160
      0001C0 A0                     845 	.db #0xa0	; 160
      0001C1 7C                     846 	.db #0x7c	; 124
      0001C2 44                     847 	.db #0x44	; 68	'D'
      0001C3 64                     848 	.db #0x64	; 100	'd'
      0001C4 54                     849 	.db #0x54	; 84	'T'
      0001C5 4C                     850 	.db #0x4c	; 76	'L'
      0001C6 44                     851 	.db #0x44	; 68	'D'
      0001C7 00                     852 	.db #0x00	; 0
      0001C8 10                     853 	.db #0x10	; 16
      0001C9 7C                     854 	.db #0x7c	; 124
      0001CA 82                     855 	.db #0x82	; 130
      0001CB 00                     856 	.db #0x00	; 0
      0001CC 00                     857 	.db #0x00	; 0
      0001CD 00                     858 	.db #0x00	; 0
      0001CE FF                     859 	.db #0xff	; 255
      0001CF 00                     860 	.db #0x00	; 0
      0001D0 00                     861 	.db #0x00	; 0
      0001D1 00                     862 	.db #0x00	; 0
      0001D2 82                     863 	.db #0x82	; 130
      0001D3 7C                     864 	.db #0x7c	; 124
      0001D4 10                     865 	.db #0x10	; 16
      0001D5 00                     866 	.db #0x00	; 0
      0001D6 00                     867 	.db #0x00	; 0
      0001D7 06                     868 	.db #0x06	; 6
      0001D8 09                     869 	.db #0x09	; 9
      0001D9 09                     870 	.db #0x09	; 9
      0001DA 06                     871 	.db #0x06	; 6
                                    872 	.area XINIT   (CODE)
                                    873 	.area CABS    (ABS,CODE)
