                                      1 ;--------------------------------------------------------
                                      2 ; File Created by SDCC : free open source ISO C Compiler 
                                      3 ; Version 4.2.8 #13684 (MINGW64)
                                      4 ;--------------------------------------------------------
                                      5 	.module MLX90614
                                      6 	.optsdcc -mmcs51 --model-small
                                      7 	
                                      8 ;--------------------------------------------------------
                                      9 ; Public variables in this module
                                     10 ;--------------------------------------------------------
                                     11 	.globl _I2C_RecvByte
                                     12 	.globl _I2C_SendByte
                                     13 	.globl _I2C_SendACK
                                     14 	.globl _I2C_Stop
                                     15 	.globl _I2C_Start
                                     16 	.globl _CY
                                     17 	.globl _AC
                                     18 	.globl _F0
                                     19 	.globl _RS1
                                     20 	.globl _RS0
                                     21 	.globl _OV
                                     22 	.globl _F1
                                     23 	.globl _P
                                     24 	.globl _PS
                                     25 	.globl _PT1
                                     26 	.globl _PX1
                                     27 	.globl _PT0
                                     28 	.globl _PX0
                                     29 	.globl _RD
                                     30 	.globl _WR
                                     31 	.globl _T1
                                     32 	.globl _T0
                                     33 	.globl _INT1
                                     34 	.globl _INT0
                                     35 	.globl _TXD
                                     36 	.globl _RXD
                                     37 	.globl _P3_7
                                     38 	.globl _P3_6
                                     39 	.globl _P3_5
                                     40 	.globl _P3_4
                                     41 	.globl _P3_3
                                     42 	.globl _P3_2
                                     43 	.globl _P3_1
                                     44 	.globl _P3_0
                                     45 	.globl _EA
                                     46 	.globl _ES
                                     47 	.globl _ET1
                                     48 	.globl _EX1
                                     49 	.globl _ET0
                                     50 	.globl _EX0
                                     51 	.globl _P2_7
                                     52 	.globl _P2_6
                                     53 	.globl _P2_5
                                     54 	.globl _P2_4
                                     55 	.globl _P2_3
                                     56 	.globl _P2_2
                                     57 	.globl _P2_1
                                     58 	.globl _P2_0
                                     59 	.globl _SM0
                                     60 	.globl _SM1
                                     61 	.globl _SM2
                                     62 	.globl _REN
                                     63 	.globl _TB8
                                     64 	.globl _RB8
                                     65 	.globl _TI
                                     66 	.globl _RI
                                     67 	.globl _P1_7
                                     68 	.globl _P1_6
                                     69 	.globl _P1_5
                                     70 	.globl _P1_4
                                     71 	.globl _P1_3
                                     72 	.globl _P1_2
                                     73 	.globl _P1_1
                                     74 	.globl _P1_0
                                     75 	.globl _TF1
                                     76 	.globl _TR1
                                     77 	.globl _TF0
                                     78 	.globl _TR0
                                     79 	.globl _IE1
                                     80 	.globl _IT1
                                     81 	.globl _IE0
                                     82 	.globl _IT0
                                     83 	.globl _P0_7
                                     84 	.globl _P0_6
                                     85 	.globl _P0_5
                                     86 	.globl _P0_4
                                     87 	.globl _P0_3
                                     88 	.globl _P0_2
                                     89 	.globl _P0_1
                                     90 	.globl _P0_0
                                     91 	.globl _B
                                     92 	.globl _ACC
                                     93 	.globl _PSW
                                     94 	.globl _IP
                                     95 	.globl _P3
                                     96 	.globl _IE
                                     97 	.globl _P2
                                     98 	.globl _SBUF
                                     99 	.globl _SCON
                                    100 	.globl _P1
                                    101 	.globl _TH1
                                    102 	.globl _TH0
                                    103 	.globl _TL1
                                    104 	.globl _TL0
                                    105 	.globl _TMOD
                                    106 	.globl _TCON
                                    107 	.globl _PCON
                                    108 	.globl _DPH
                                    109 	.globl _DPL
                                    110 	.globl _SP
                                    111 	.globl _P0
                                    112 	.globl __addr
                                    113 	.globl _readObjectTemp
                                    114 	.globl _readAmbientTemp
                                    115 	.globl _readTemp
                                    116 ;--------------------------------------------------------
                                    117 ; special function registers
                                    118 ;--------------------------------------------------------
                                    119 	.area RSEG    (ABS,DATA)
      000000                        120 	.org 0x0000
                           000080   121 _P0	=	0x0080
                           000081   122 _SP	=	0x0081
                           000082   123 _DPL	=	0x0082
                           000083   124 _DPH	=	0x0083
                           000087   125 _PCON	=	0x0087
                           000088   126 _TCON	=	0x0088
                           000089   127 _TMOD	=	0x0089
                           00008A   128 _TL0	=	0x008a
                           00008B   129 _TL1	=	0x008b
                           00008C   130 _TH0	=	0x008c
                           00008D   131 _TH1	=	0x008d
                           000090   132 _P1	=	0x0090
                           000098   133 _SCON	=	0x0098
                           000099   134 _SBUF	=	0x0099
                           0000A0   135 _P2	=	0x00a0
                           0000A8   136 _IE	=	0x00a8
                           0000B0   137 _P3	=	0x00b0
                           0000B8   138 _IP	=	0x00b8
                           0000D0   139 _PSW	=	0x00d0
                           0000E0   140 _ACC	=	0x00e0
                           0000F0   141 _B	=	0x00f0
                                    142 ;--------------------------------------------------------
                                    143 ; special function bits
                                    144 ;--------------------------------------------------------
                                    145 	.area RSEG    (ABS,DATA)
      000000                        146 	.org 0x0000
                           000080   147 _P0_0	=	0x0080
                           000081   148 _P0_1	=	0x0081
                           000082   149 _P0_2	=	0x0082
                           000083   150 _P0_3	=	0x0083
                           000084   151 _P0_4	=	0x0084
                           000085   152 _P0_5	=	0x0085
                           000086   153 _P0_6	=	0x0086
                           000087   154 _P0_7	=	0x0087
                           000088   155 _IT0	=	0x0088
                           000089   156 _IE0	=	0x0089
                           00008A   157 _IT1	=	0x008a
                           00008B   158 _IE1	=	0x008b
                           00008C   159 _TR0	=	0x008c
                           00008D   160 _TF0	=	0x008d
                           00008E   161 _TR1	=	0x008e
                           00008F   162 _TF1	=	0x008f
                           000090   163 _P1_0	=	0x0090
                           000091   164 _P1_1	=	0x0091
                           000092   165 _P1_2	=	0x0092
                           000093   166 _P1_3	=	0x0093
                           000094   167 _P1_4	=	0x0094
                           000095   168 _P1_5	=	0x0095
                           000096   169 _P1_6	=	0x0096
                           000097   170 _P1_7	=	0x0097
                           000098   171 _RI	=	0x0098
                           000099   172 _TI	=	0x0099
                           00009A   173 _RB8	=	0x009a
                           00009B   174 _TB8	=	0x009b
                           00009C   175 _REN	=	0x009c
                           00009D   176 _SM2	=	0x009d
                           00009E   177 _SM1	=	0x009e
                           00009F   178 _SM0	=	0x009f
                           0000A0   179 _P2_0	=	0x00a0
                           0000A1   180 _P2_1	=	0x00a1
                           0000A2   181 _P2_2	=	0x00a2
                           0000A3   182 _P2_3	=	0x00a3
                           0000A4   183 _P2_4	=	0x00a4
                           0000A5   184 _P2_5	=	0x00a5
                           0000A6   185 _P2_6	=	0x00a6
                           0000A7   186 _P2_7	=	0x00a7
                           0000A8   187 _EX0	=	0x00a8
                           0000A9   188 _ET0	=	0x00a9
                           0000AA   189 _EX1	=	0x00aa
                           0000AB   190 _ET1	=	0x00ab
                           0000AC   191 _ES	=	0x00ac
                           0000AF   192 _EA	=	0x00af
                           0000B0   193 _P3_0	=	0x00b0
                           0000B1   194 _P3_1	=	0x00b1
                           0000B2   195 _P3_2	=	0x00b2
                           0000B3   196 _P3_3	=	0x00b3
                           0000B4   197 _P3_4	=	0x00b4
                           0000B5   198 _P3_5	=	0x00b5
                           0000B6   199 _P3_6	=	0x00b6
                           0000B7   200 _P3_7	=	0x00b7
                           0000B0   201 _RXD	=	0x00b0
                           0000B1   202 _TXD	=	0x00b1
                           0000B2   203 _INT0	=	0x00b2
                           0000B3   204 _INT1	=	0x00b3
                           0000B4   205 _T0	=	0x00b4
                           0000B5   206 _T1	=	0x00b5
                           0000B6   207 _WR	=	0x00b6
                           0000B7   208 _RD	=	0x00b7
                           0000B8   209 _PX0	=	0x00b8
                           0000B9   210 _PT0	=	0x00b9
                           0000BA   211 _PX1	=	0x00ba
                           0000BB   212 _PT1	=	0x00bb
                           0000BC   213 _PS	=	0x00bc
                           0000D0   214 _P	=	0x00d0
                           0000D1   215 _F1	=	0x00d1
                           0000D2   216 _OV	=	0x00d2
                           0000D3   217 _RS0	=	0x00d3
                           0000D4   218 _RS1	=	0x00d4
                           0000D5   219 _F0	=	0x00d5
                           0000D6   220 _AC	=	0x00d6
                           0000D7   221 _CY	=	0x00d7
                                    222 ;--------------------------------------------------------
                                    223 ; overlayable register banks
                                    224 ;--------------------------------------------------------
                                    225 	.area REG_BANK_0	(REL,OVR,DATA)
      000000                        226 	.ds 8
                                    227 ;--------------------------------------------------------
                                    228 ; internal ram data
                                    229 ;--------------------------------------------------------
                                    230 	.area DSEG    (DATA)
      000000                        231 __addr::
      000000                        232 	.ds 1
                                    233 ;--------------------------------------------------------
                                    234 ; overlayable items in internal ram
                                    235 ;--------------------------------------------------------
                                    236 ;--------------------------------------------------------
                                    237 ; indirectly addressable internal ram data
                                    238 ;--------------------------------------------------------
                                    239 	.area ISEG    (DATA)
                                    240 ;--------------------------------------------------------
                                    241 ; absolute internal ram data
                                    242 ;--------------------------------------------------------
                                    243 	.area IABS    (ABS,DATA)
                                    244 	.area IABS    (ABS,DATA)
                                    245 ;--------------------------------------------------------
                                    246 ; bit data
                                    247 ;--------------------------------------------------------
                                    248 	.area BSEG    (BIT)
                                    249 ;--------------------------------------------------------
                                    250 ; paged external ram data
                                    251 ;--------------------------------------------------------
                                    252 	.area PSEG    (PAG,XDATA)
                                    253 ;--------------------------------------------------------
                                    254 ; uninitialized external ram data
                                    255 ;--------------------------------------------------------
                                    256 	.area XSEG    (XDATA)
                                    257 ;--------------------------------------------------------
                                    258 ; absolute external ram data
                                    259 ;--------------------------------------------------------
                                    260 	.area XABS    (ABS,XDATA)
                                    261 ;--------------------------------------------------------
                                    262 ; initialized external ram data
                                    263 ;--------------------------------------------------------
                                    264 	.area XISEG   (XDATA)
                                    265 	.area HOME    (CODE)
                                    266 	.area GSINIT0 (CODE)
                                    267 	.area GSINIT1 (CODE)
                                    268 	.area GSINIT2 (CODE)
                                    269 	.area GSINIT3 (CODE)
                                    270 	.area GSINIT4 (CODE)
                                    271 	.area GSINIT5 (CODE)
                                    272 	.area GSINIT  (CODE)
                                    273 	.area GSFINAL (CODE)
                                    274 	.area CSEG    (CODE)
                                    275 ;--------------------------------------------------------
                                    276 ; global & static initialisations
                                    277 ;--------------------------------------------------------
                                    278 	.area HOME    (CODE)
                                    279 	.area GSINIT  (CODE)
                                    280 	.area GSFINAL (CODE)
                                    281 	.area GSINIT  (CODE)
                                    282 ;	./src/MLX90614.c:4: uint8_t  _addr = MLX90614_ADDRESS << 1;    // 0x5a --> 0xb4
      000000 75*00 B4         [24]  283 	mov	__addr,#0xb4
                                    284 ;--------------------------------------------------------
                                    285 ; Home
                                    286 ;--------------------------------------------------------
                                    287 	.area HOME    (CODE)
                                    288 	.area HOME    (CODE)
                                    289 ;--------------------------------------------------------
                                    290 ; code
                                    291 ;--------------------------------------------------------
                                    292 	.area CSEG    (CODE)
                                    293 ;------------------------------------------------------------
                                    294 ;Allocation info for local variables in function 'readObjectTemp'
                                    295 ;------------------------------------------------------------
                                    296 ;	./src/MLX90614.c:6: float readObjectTemp(void) {
                                    297 ;	-----------------------------------------
                                    298 ;	 function readObjectTemp
                                    299 ;	-----------------------------------------
      000000                        300 _readObjectTemp:
                           000007   301 	ar7 = 0x07
                           000006   302 	ar6 = 0x06
                           000005   303 	ar5 = 0x05
                           000004   304 	ar4 = 0x04
                           000003   305 	ar3 = 0x03
                           000002   306 	ar2 = 0x02
                           000001   307 	ar1 = 0x01
                           000000   308 	ar0 = 0x00
                                    309 ;	./src/MLX90614.c:7: return readTemp(OBJECT_TEMP);
      000000 75 82 07         [24]  310 	mov	dpl,#0x07
                                    311 ;	./src/MLX90614.c:8: }
      000003 02r00r0C         [24]  312 	ljmp	_readTemp
                                    313 ;------------------------------------------------------------
                                    314 ;Allocation info for local variables in function 'readAmbientTemp'
                                    315 ;------------------------------------------------------------
                                    316 ;	./src/MLX90614.c:10: float readAmbientTemp(void) {
                                    317 ;	-----------------------------------------
                                    318 ;	 function readAmbientTemp
                                    319 ;	-----------------------------------------
      000006                        320 _readAmbientTemp:
                                    321 ;	./src/MLX90614.c:11: return readTemp(AMBIENT_TEMP);
      000006 75 82 06         [24]  322 	mov	dpl,#0x06
                                    323 ;	./src/MLX90614.c:12: }
      000009 02r00r0C         [24]  324 	ljmp	_readTemp
                                    325 ;------------------------------------------------------------
                                    326 ;Allocation info for local variables in function 'readTemp'
                                    327 ;------------------------------------------------------------
                                    328 ;reg                       Allocated to registers r7 
                                    329 ;temp                      Allocated to registers r4 r5 r6 r7 
                                    330 ;tempData                  Allocated to registers r5 r4 
                                    331 ;pec                       Allocated to registers 
                                    332 ;------------------------------------------------------------
                                    333 ;	./src/MLX90614.c:14: float readTemp(uint8_t reg) {
                                    334 ;	-----------------------------------------
                                    335 ;	 function readTemp
                                    336 ;	-----------------------------------------
      00000C                        337 _readTemp:
      00000C AF 82            [24]  338 	mov	r7,dpl
                                    339 ;	./src/MLX90614.c:19: I2C_Start();
      00000E C0 07            [24]  340 	push	ar7
      000010 12r00r00         [24]  341 	lcall	_I2C_Start
                                    342 ;	./src/MLX90614.c:20: I2C_SendByte(_addr);            // 0xb4
      000013 85*00 82         [24]  343 	mov	dpl,__addr
      000016 12r00r00         [24]  344 	lcall	_I2C_SendByte
      000019 D0 07            [24]  345 	pop	ar7
                                    346 ;	./src/MLX90614.c:21: I2C_SendByte(reg);
      00001B 8F 82            [24]  347 	mov	dpl,r7
      00001D 12r00r00         [24]  348 	lcall	_I2C_SendByte
                                    349 ;	./src/MLX90614.c:22: SDA = 1;                        // pull up 2 wires to restart
                                    350 ;	assignBit
      000020 D2 81            [12]  351 	setb	_P0_1
                                    352 ;	./src/MLX90614.c:23: SCL = 1;                        
                                    353 ;	assignBit
      000022 D2 80            [12]  354 	setb	_P0_0
                                    355 ;	./src/MLX90614.c:24: I2C_Start();                    // restart
      000024 12r00r00         [24]  356 	lcall	_I2C_Start
                                    357 ;	./src/MLX90614.c:25: I2C_SendByte(_addr|0x01);       // 0xb4 --> 0xb5
      000027 74 01            [12]  358 	mov	a,#0x01
      000029 45*00            [12]  359 	orl	a,__addr
      00002B F5 82            [12]  360 	mov	dpl,a
      00002D 12r00r00         [24]  361 	lcall	_I2C_SendByte
                                    362 ;	./src/MLX90614.c:26: tempData = I2C_RecvByte();      // LSByte
      000030 12r00r00         [24]  363 	lcall	_I2C_RecvByte
      000033 AF 82            [24]  364 	mov	r7,dpl
      000035 7E 00            [12]  365 	mov	r6,#0x00
                                    366 ;	./src/MLX90614.c:27: I2C_SendACK(0);
      000037 75 82 00         [24]  367 	mov	dpl,#0x00
      00003A C0 07            [24]  368 	push	ar7
      00003C C0 06            [24]  369 	push	ar6
      00003E 12r00r00         [24]  370 	lcall	_I2C_SendACK
                                    371 ;	./src/MLX90614.c:28: tempData |= I2C_RecvByte() << 8;  // { MSByte , LSByte } 
      000041 12r00r00         [24]  372 	lcall	_I2C_RecvByte
      000044 AD 82            [24]  373 	mov	r5,dpl
      000046 D0 06            [24]  374 	pop	ar6
      000048 D0 07            [24]  375 	pop	ar7
      00004A 8D 04            [24]  376 	mov	ar4,r5
      00004C 7D 00            [12]  377 	mov	r5,#0x00
      00004E EF               [12]  378 	mov	a,r7
      00004F 42 05            [12]  379 	orl	ar5,a
      000051 EE               [12]  380 	mov	a,r6
      000052 42 04            [12]  381 	orl	ar4,a
                                    382 ;	./src/MLX90614.c:29: I2C_SendACK(0);
      000054 75 82 00         [24]  383 	mov	dpl,#0x00
      000057 C0 05            [24]  384 	push	ar5
      000059 C0 04            [24]  385 	push	ar4
      00005B 12r00r00         [24]  386 	lcall	_I2C_SendACK
                                    387 ;	./src/MLX90614.c:30: pec = I2C_RecvByte();           // 8-bit pec 
      00005E 12r00r00         [24]  388 	lcall	_I2C_RecvByte
                                    389 ;	./src/MLX90614.c:31: I2C_SendACK(1);
      000061 75 82 01         [24]  390 	mov	dpl,#0x01
      000064 12r00r00         [24]  391 	lcall	_I2C_SendACK
                                    392 ;	./src/MLX90614.c:32: I2C_Stop();
      000067 12r00r00         [24]  393 	lcall	_I2C_Stop
      00006A D0 04            [24]  394 	pop	ar4
      00006C D0 05            [24]  395 	pop	ar5
                                    396 ;	./src/MLX90614.c:33: temp = tempData;               // raw 16-bit tempData 
      00006E 8D 82            [24]  397 	mov	dpl,r5
      000070 8C 83            [24]  398 	mov	dph,r4
      000072 12r00r00         [24]  399 	lcall	___uint2fs
      000075 AC 82            [24]  400 	mov	r4,dpl
      000077 AD 83            [24]  401 	mov	r5,dph
      000079 AE F0            [24]  402 	mov	r6,b
      00007B FF               [12]  403 	mov	r7,a
                                    404 ;	./src/MLX90614.c:34: temp *= 0.02;                  // calculate temperature in Celsius 
      00007C C0 04            [24]  405 	push	ar4
      00007E C0 05            [24]  406 	push	ar5
      000080 C0 06            [24]  407 	push	ar6
      000082 C0 07            [24]  408 	push	ar7
      000084 90 D7 0A         [24]  409 	mov	dptr,#0xd70a
      000087 75 F0 A3         [24]  410 	mov	b,#0xa3
      00008A 74 3C            [12]  411 	mov	a,#0x3c
      00008C 12r00r00         [24]  412 	lcall	___fsmul
      00008F AC 82            [24]  413 	mov	r4,dpl
      000091 AD 83            [24]  414 	mov	r5,dph
      000093 AE F0            [24]  415 	mov	r6,b
      000095 FF               [12]  416 	mov	r7,a
      000096 E5 81            [12]  417 	mov	a,sp
      000098 24 FC            [12]  418 	add	a,#0xfc
      00009A F5 81            [12]  419 	mov	sp,a
                                    420 ;	./src/MLX90614.c:35: temp -= 273.15;
      00009C 74 33            [12]  421 	mov	a,#0x33
      00009E C0 E0            [24]  422 	push	acc
      0000A0 74 93            [12]  423 	mov	a,#0x93
      0000A2 C0 E0            [24]  424 	push	acc
      0000A4 74 88            [12]  425 	mov	a,#0x88
      0000A6 C0 E0            [24]  426 	push	acc
      0000A8 74 43            [12]  427 	mov	a,#0x43
      0000AA C0 E0            [24]  428 	push	acc
      0000AC 8C 82            [24]  429 	mov	dpl,r4
      0000AE 8D 83            [24]  430 	mov	dph,r5
      0000B0 8E F0            [24]  431 	mov	b,r6
      0000B2 EF               [12]  432 	mov	a,r7
      0000B3 12r00r00         [24]  433 	lcall	___fssub
      0000B6 AC 82            [24]  434 	mov	r4,dpl
      0000B8 AD 83            [24]  435 	mov	r5,dph
      0000BA AE F0            [24]  436 	mov	r6,b
      0000BC FF               [12]  437 	mov	r7,a
      0000BD E5 81            [12]  438 	mov	a,sp
      0000BF 24 FC            [12]  439 	add	a,#0xfc
      0000C1 F5 81            [12]  440 	mov	sp,a
                                    441 ;	./src/MLX90614.c:36: temp = temp * 10 ;             // in order to show 1 decimal bit
      0000C3 C0 04            [24]  442 	push	ar4
      0000C5 C0 05            [24]  443 	push	ar5
      0000C7 C0 06            [24]  444 	push	ar6
      0000C9 C0 07            [24]  445 	push	ar7
      0000CB 90 00 00         [24]  446 	mov	dptr,#0x0000
      0000CE 75 F0 20         [24]  447 	mov	b,#0x20
      0000D1 74 41            [12]  448 	mov	a,#0x41
      0000D3 12r00r00         [24]  449 	lcall	___fsmul
      0000D6 AC 82            [24]  450 	mov	r4,dpl
      0000D8 AD 83            [24]  451 	mov	r5,dph
      0000DA AE F0            [24]  452 	mov	r6,b
      0000DC FF               [12]  453 	mov	r7,a
      0000DD E5 81            [12]  454 	mov	a,sp
      0000DF 24 FC            [12]  455 	add	a,#0xfc
      0000E1 F5 81            [12]  456 	mov	sp,a
                                    457 ;	./src/MLX90614.c:38: return temp;
      0000E3 8C 82            [24]  458 	mov	dpl,r4
      0000E5 8D 83            [24]  459 	mov	dph,r5
      0000E7 8E F0            [24]  460 	mov	b,r6
      0000E9 EF               [12]  461 	mov	a,r7
                                    462 ;	./src/MLX90614.c:39: }
      0000EA 22               [24]  463 	ret
                                    464 	.area CSEG    (CODE)
                                    465 	.area CONST   (CODE)
                                    466 	.area XINIT   (CODE)
                                    467 	.area CABS    (ABS,CODE)
