                                      1 ;--------------------------------------------------------
                                      2 ; File Created by SDCC : free open source ISO C Compiler 
                                      3 ; Version 4.2.8 #13684 (MINGW64)
                                      4 ;--------------------------------------------------------
                                      5 	.module send_byte
                                      6 	.optsdcc -mmcs51 --model-small
                                      7 	
                                      8 ;--------------------------------------------------------
                                      9 ; Public variables in this module
                                     10 ;--------------------------------------------------------
                                     11 	.globl _sendbyte_PARM_2
                                     12 	.globl _CY
                                     13 	.globl _AC
                                     14 	.globl _F0
                                     15 	.globl _RS1
                                     16 	.globl _RS0
                                     17 	.globl _OV
                                     18 	.globl _F1
                                     19 	.globl _P
                                     20 	.globl _PS
                                     21 	.globl _PT1
                                     22 	.globl _PX1
                                     23 	.globl _PT0
                                     24 	.globl _PX0
                                     25 	.globl _RD
                                     26 	.globl _WR
                                     27 	.globl _T1
                                     28 	.globl _T0
                                     29 	.globl _INT1
                                     30 	.globl _INT0
                                     31 	.globl _TXD
                                     32 	.globl _RXD
                                     33 	.globl _P3_7
                                     34 	.globl _P3_6
                                     35 	.globl _P3_5
                                     36 	.globl _P3_4
                                     37 	.globl _P3_3
                                     38 	.globl _P3_2
                                     39 	.globl _P3_1
                                     40 	.globl _P3_0
                                     41 	.globl _EA
                                     42 	.globl _ES
                                     43 	.globl _ET1
                                     44 	.globl _EX1
                                     45 	.globl _ET0
                                     46 	.globl _EX0
                                     47 	.globl _P2_7
                                     48 	.globl _P2_6
                                     49 	.globl _P2_5
                                     50 	.globl _P2_4
                                     51 	.globl _P2_3
                                     52 	.globl _P2_2
                                     53 	.globl _P2_1
                                     54 	.globl _P2_0
                                     55 	.globl _SM0
                                     56 	.globl _SM1
                                     57 	.globl _SM2
                                     58 	.globl _REN
                                     59 	.globl _TB8
                                     60 	.globl _RB8
                                     61 	.globl _TI
                                     62 	.globl _RI
                                     63 	.globl _P1_7
                                     64 	.globl _P1_6
                                     65 	.globl _P1_5
                                     66 	.globl _P1_4
                                     67 	.globl _P1_3
                                     68 	.globl _P1_2
                                     69 	.globl _P1_1
                                     70 	.globl _P1_0
                                     71 	.globl _TF1
                                     72 	.globl _TR1
                                     73 	.globl _TF0
                                     74 	.globl _TR0
                                     75 	.globl _IE1
                                     76 	.globl _IT1
                                     77 	.globl _IE0
                                     78 	.globl _IT0
                                     79 	.globl _P0_7
                                     80 	.globl _P0_6
                                     81 	.globl _P0_5
                                     82 	.globl _P0_4
                                     83 	.globl _P0_3
                                     84 	.globl _P0_2
                                     85 	.globl _P0_1
                                     86 	.globl _P0_0
                                     87 	.globl _B
                                     88 	.globl _ACC
                                     89 	.globl _PSW
                                     90 	.globl _IP
                                     91 	.globl _P3
                                     92 	.globl _IE
                                     93 	.globl _P2
                                     94 	.globl _SBUF
                                     95 	.globl _SCON
                                     96 	.globl _P1
                                     97 	.globl _TH1
                                     98 	.globl _TH0
                                     99 	.globl _TL1
                                    100 	.globl _TL0
                                    101 	.globl _TMOD
                                    102 	.globl _TCON
                                    103 	.globl _PCON
                                    104 	.globl _DPH
                                    105 	.globl _DPL
                                    106 	.globl _SP
                                    107 	.globl _P0
                                    108 	.globl _sendbyte
                                    109 ;--------------------------------------------------------
                                    110 ; special function registers
                                    111 ;--------------------------------------------------------
                                    112 	.area RSEG    (ABS,DATA)
      000000                        113 	.org 0x0000
                           000080   114 _P0	=	0x0080
                           000081   115 _SP	=	0x0081
                           000082   116 _DPL	=	0x0082
                           000083   117 _DPH	=	0x0083
                           000087   118 _PCON	=	0x0087
                           000088   119 _TCON	=	0x0088
                           000089   120 _TMOD	=	0x0089
                           00008A   121 _TL0	=	0x008a
                           00008B   122 _TL1	=	0x008b
                           00008C   123 _TH0	=	0x008c
                           00008D   124 _TH1	=	0x008d
                           000090   125 _P1	=	0x0090
                           000098   126 _SCON	=	0x0098
                           000099   127 _SBUF	=	0x0099
                           0000A0   128 _P2	=	0x00a0
                           0000A8   129 _IE	=	0x00a8
                           0000B0   130 _P3	=	0x00b0
                           0000B8   131 _IP	=	0x00b8
                           0000D0   132 _PSW	=	0x00d0
                           0000E0   133 _ACC	=	0x00e0
                           0000F0   134 _B	=	0x00f0
                                    135 ;--------------------------------------------------------
                                    136 ; special function bits
                                    137 ;--------------------------------------------------------
                                    138 	.area RSEG    (ABS,DATA)
      000000                        139 	.org 0x0000
                           000080   140 _P0_0	=	0x0080
                           000081   141 _P0_1	=	0x0081
                           000082   142 _P0_2	=	0x0082
                           000083   143 _P0_3	=	0x0083
                           000084   144 _P0_4	=	0x0084
                           000085   145 _P0_5	=	0x0085
                           000086   146 _P0_6	=	0x0086
                           000087   147 _P0_7	=	0x0087
                           000088   148 _IT0	=	0x0088
                           000089   149 _IE0	=	0x0089
                           00008A   150 _IT1	=	0x008a
                           00008B   151 _IE1	=	0x008b
                           00008C   152 _TR0	=	0x008c
                           00008D   153 _TF0	=	0x008d
                           00008E   154 _TR1	=	0x008e
                           00008F   155 _TF1	=	0x008f
                           000090   156 _P1_0	=	0x0090
                           000091   157 _P1_1	=	0x0091
                           000092   158 _P1_2	=	0x0092
                           000093   159 _P1_3	=	0x0093
                           000094   160 _P1_4	=	0x0094
                           000095   161 _P1_5	=	0x0095
                           000096   162 _P1_6	=	0x0096
                           000097   163 _P1_7	=	0x0097
                           000098   164 _RI	=	0x0098
                           000099   165 _TI	=	0x0099
                           00009A   166 _RB8	=	0x009a
                           00009B   167 _TB8	=	0x009b
                           00009C   168 _REN	=	0x009c
                           00009D   169 _SM2	=	0x009d
                           00009E   170 _SM1	=	0x009e
                           00009F   171 _SM0	=	0x009f
                           0000A0   172 _P2_0	=	0x00a0
                           0000A1   173 _P2_1	=	0x00a1
                           0000A2   174 _P2_2	=	0x00a2
                           0000A3   175 _P2_3	=	0x00a3
                           0000A4   176 _P2_4	=	0x00a4
                           0000A5   177 _P2_5	=	0x00a5
                           0000A6   178 _P2_6	=	0x00a6
                           0000A7   179 _P2_7	=	0x00a7
                           0000A8   180 _EX0	=	0x00a8
                           0000A9   181 _ET0	=	0x00a9
                           0000AA   182 _EX1	=	0x00aa
                           0000AB   183 _ET1	=	0x00ab
                           0000AC   184 _ES	=	0x00ac
                           0000AF   185 _EA	=	0x00af
                           0000B0   186 _P3_0	=	0x00b0
                           0000B1   187 _P3_1	=	0x00b1
                           0000B2   188 _P3_2	=	0x00b2
                           0000B3   189 _P3_3	=	0x00b3
                           0000B4   190 _P3_4	=	0x00b4
                           0000B5   191 _P3_5	=	0x00b5
                           0000B6   192 _P3_6	=	0x00b6
                           0000B7   193 _P3_7	=	0x00b7
                           0000B0   194 _RXD	=	0x00b0
                           0000B1   195 _TXD	=	0x00b1
                           0000B2   196 _INT0	=	0x00b2
                           0000B3   197 _INT1	=	0x00b3
                           0000B4   198 _T0	=	0x00b4
                           0000B5   199 _T1	=	0x00b5
                           0000B6   200 _WR	=	0x00b6
                           0000B7   201 _RD	=	0x00b7
                           0000B8   202 _PX0	=	0x00b8
                           0000B9   203 _PT0	=	0x00b9
                           0000BA   204 _PX1	=	0x00ba
                           0000BB   205 _PT1	=	0x00bb
                           0000BC   206 _PS	=	0x00bc
                           0000D0   207 _P	=	0x00d0
                           0000D1   208 _F1	=	0x00d1
                           0000D2   209 _OV	=	0x00d2
                           0000D3   210 _RS0	=	0x00d3
                           0000D4   211 _RS1	=	0x00d4
                           0000D5   212 _F0	=	0x00d5
                           0000D6   213 _AC	=	0x00d6
                           0000D7   214 _CY	=	0x00d7
                                    215 ;--------------------------------------------------------
                                    216 ; overlayable register banks
                                    217 ;--------------------------------------------------------
                                    218 	.area REG_BANK_0	(REL,OVR,DATA)
      000000                        219 	.ds 8
                                    220 ;--------------------------------------------------------
                                    221 ; internal ram data
                                    222 ;--------------------------------------------------------
                                    223 	.area DSEG    (DATA)
                                    224 ;--------------------------------------------------------
                                    225 ; overlayable items in internal ram
                                    226 ;--------------------------------------------------------
                                    227 	.area	OSEG    (OVR,DATA)
      000000                        228 _sendbyte_PARM_2:
      000000                        229 	.ds 1
                                    230 ;--------------------------------------------------------
                                    231 ; indirectly addressable internal ram data
                                    232 ;--------------------------------------------------------
                                    233 	.area ISEG    (DATA)
                                    234 ;--------------------------------------------------------
                                    235 ; absolute internal ram data
                                    236 ;--------------------------------------------------------
                                    237 	.area IABS    (ABS,DATA)
                                    238 	.area IABS    (ABS,DATA)
                                    239 ;--------------------------------------------------------
                                    240 ; bit data
                                    241 ;--------------------------------------------------------
                                    242 	.area BSEG    (BIT)
                                    243 ;--------------------------------------------------------
                                    244 ; paged external ram data
                                    245 ;--------------------------------------------------------
                                    246 	.area PSEG    (PAG,XDATA)
                                    247 ;--------------------------------------------------------
                                    248 ; uninitialized external ram data
                                    249 ;--------------------------------------------------------
                                    250 	.area XSEG    (XDATA)
                                    251 ;--------------------------------------------------------
                                    252 ; absolute external ram data
                                    253 ;--------------------------------------------------------
                                    254 	.area XABS    (ABS,XDATA)
                                    255 ;--------------------------------------------------------
                                    256 ; initialized external ram data
                                    257 ;--------------------------------------------------------
                                    258 	.area XISEG   (XDATA)
                                    259 	.area HOME    (CODE)
                                    260 	.area GSINIT0 (CODE)
                                    261 	.area GSINIT1 (CODE)
                                    262 	.area GSINIT2 (CODE)
                                    263 	.area GSINIT3 (CODE)
                                    264 	.area GSINIT4 (CODE)
                                    265 	.area GSINIT5 (CODE)
                                    266 	.area GSINIT  (CODE)
                                    267 	.area GSFINAL (CODE)
                                    268 	.area CSEG    (CODE)
                                    269 ;--------------------------------------------------------
                                    270 ; global & static initialisations
                                    271 ;--------------------------------------------------------
                                    272 	.area HOME    (CODE)
                                    273 	.area GSINIT  (CODE)
                                    274 	.area GSFINAL (CODE)
                                    275 	.area GSINIT  (CODE)
                                    276 ;--------------------------------------------------------
                                    277 ; Home
                                    278 ;--------------------------------------------------------
                                    279 	.area HOME    (CODE)
                                    280 	.area HOME    (CODE)
                                    281 ;--------------------------------------------------------
                                    282 ; code
                                    283 ;--------------------------------------------------------
                                    284 	.area CSEG    (CODE)
                                    285 ;------------------------------------------------------------
                                    286 ;Allocation info for local variables in function 'sendbyte'
                                    287 ;------------------------------------------------------------
                                    288 ;dat                       Allocated with name '_sendbyte_PARM_2'
                                    289 ;address                   Allocated to registers r7 
                                    290 ;i                         Allocated to registers r6 
                                    291 ;------------------------------------------------------------
                                    292 ;	./src/send_byte.c:5: void sendbyte(unsigned char address, unsigned char dat)
                                    293 ;	-----------------------------------------
                                    294 ;	 function sendbyte
                                    295 ;	-----------------------------------------
      000000                        296 _sendbyte:
                           000007   297 	ar7 = 0x07
                           000006   298 	ar6 = 0x06
                           000005   299 	ar5 = 0x05
                           000004   300 	ar4 = 0x04
                           000003   301 	ar3 = 0x03
                           000002   302 	ar2 = 0x02
                           000001   303 	ar1 = 0x01
                           000000   304 	ar0 = 0x00
      000000 AF 82            [24]  305 	mov	r7,dpl
                                    306 ;	./src/send_byte.c:9: for (i=0; i<8; i++) {         // get last 8 bits(address)
      000002 7E 00            [12]  307 	mov	r6,#0x00
      000004                        308 00103$:
                                    309 ;	./src/send_byte.c:10: CLK = 0; 
                                    310 ;	assignBit
      000004 C2 A0            [12]  311 	clr	_P2_0
                                    312 ;	./src/send_byte.c:11: DOUT = (address & 0x80);   // get msb and shift left
      000006 EF               [12]  313 	mov	a,r7
      000007 23               [12]  314 	rl	a
      000008 54 01            [12]  315 	anl	a,#0x01
                                    316 ;	assignBit
      00000A 24 FF            [12]  317 	add	a,#0xff
      00000C 92 A2            [24]  318 	mov	_P2_2,c
                                    319 ;	./src/send_byte.c:12: address <<= 1; 
      00000E 8F 05            [24]  320 	mov	ar5,r7
      000010 ED               [12]  321 	mov	a,r5
      000011 2D               [12]  322 	add	a,r5
      000012 FF               [12]  323 	mov	r7,a
                                    324 ;	./src/send_byte.c:13: CLK = 1; 
                                    325 ;	assignBit
      000013 D2 A0            [12]  326 	setb	_P2_0
                                    327 ;	./src/send_byte.c:9: for (i=0; i<8; i++) {         // get last 8 bits(address)
      000015 0E               [12]  328 	inc	r6
      000016 BE 08 00         [24]  329 	cjne	r6,#0x08,00123$
      000019                        330 00123$:
      000019 40 E9            [24]  331 	jc	00103$
                                    332 ;	./src/send_byte.c:16: for (i=0; i<8; i++) {         // get first 8 bits(data)
      00001B 7F 00            [12]  333 	mov	r7,#0x00
      00001D                        334 00105$:
                                    335 ;	./src/send_byte.c:17: CLK = 0; 
                                    336 ;	assignBit
      00001D C2 A0            [12]  337 	clr	_P2_0
                                    338 ;	./src/send_byte.c:18: DOUT = (dat & 0x80);       // get msb and shit left
      00001F E5*00            [12]  339 	mov	a,_sendbyte_PARM_2
      000021 23               [12]  340 	rl	a
      000022 54 01            [12]  341 	anl	a,#0x01
                                    342 ;	assignBit
      000024 24 FF            [12]  343 	add	a,#0xff
      000026 92 A2            [24]  344 	mov	_P2_2,c
                                    345 ;	./src/send_byte.c:19: dat <<= 1;
      000028 E5*00            [12]  346 	mov	a,_sendbyte_PARM_2
      00002A 25 E0            [12]  347 	add	a,acc
      00002C F5*00            [12]  348 	mov	_sendbyte_PARM_2,a
                                    349 ;	./src/send_byte.c:20: CLK = 1;
                                    350 ;	assignBit
      00002E D2 A0            [12]  351 	setb	_P2_0
                                    352 ;	./src/send_byte.c:16: for (i=0; i<8; i++) {         // get first 8 bits(data)
      000030 0F               [12]  353 	inc	r7
      000031 BF 08 00         [24]  354 	cjne	r7,#0x08,00125$
      000034                        355 00125$:
      000034 40 E7            [24]  356 	jc	00105$
                                    357 ;	./src/send_byte.c:22: }
      000036 22               [24]  358 	ret
                                    359 	.area CSEG    (CODE)
                                    360 	.area CONST   (CODE)
                                    361 	.area XINIT   (CODE)
                                    362 	.area CABS    (ABS,CODE)
