                                      1 ;--------------------------------------------------------
                                      2 ; File Created by SDCC : free open source ISO C Compiler 
                                      3 ; Version 4.2.8 #13684 (MINGW32)
                                      4 ;--------------------------------------------------------
                                      5 	.module main
                                      6 	.optsdcc -mmcs51 --model-small
                                      7 	
                                      8 ;--------------------------------------------------------
                                      9 ; Public variables in this module
                                     10 ;--------------------------------------------------------
                                     11 	.globl _PWM_Dimming_LED
                                     12 	.globl _main
                                     13 	.globl _CY
                                     14 	.globl _AC
                                     15 	.globl _F0
                                     16 	.globl _RS1
                                     17 	.globl _RS0
                                     18 	.globl _OV
                                     19 	.globl _F1
                                     20 	.globl _P
                                     21 	.globl _PS
                                     22 	.globl _PT1
                                     23 	.globl _PX1
                                     24 	.globl _PT0
                                     25 	.globl _PX0
                                     26 	.globl _RD
                                     27 	.globl _WR
                                     28 	.globl _T1
                                     29 	.globl _T0
                                     30 	.globl _INT1
                                     31 	.globl _INT0
                                     32 	.globl _TXD
                                     33 	.globl _RXD
                                     34 	.globl _P3_7
                                     35 	.globl _P3_6
                                     36 	.globl _P3_5
                                     37 	.globl _P3_4
                                     38 	.globl _P3_3
                                     39 	.globl _P3_2
                                     40 	.globl _P3_1
                                     41 	.globl _P3_0
                                     42 	.globl _EA
                                     43 	.globl _ES
                                     44 	.globl _ET1
                                     45 	.globl _EX1
                                     46 	.globl _ET0
                                     47 	.globl _EX0
                                     48 	.globl _P2_7
                                     49 	.globl _P2_6
                                     50 	.globl _P2_5
                                     51 	.globl _P2_4
                                     52 	.globl _P2_3
                                     53 	.globl _P2_2
                                     54 	.globl _P2_1
                                     55 	.globl _P2_0
                                     56 	.globl _SM0
                                     57 	.globl _SM1
                                     58 	.globl _SM2
                                     59 	.globl _REN
                                     60 	.globl _TB8
                                     61 	.globl _RB8
                                     62 	.globl _TI
                                     63 	.globl _RI
                                     64 	.globl _P1_7
                                     65 	.globl _P1_6
                                     66 	.globl _P1_5
                                     67 	.globl _P1_4
                                     68 	.globl _P1_3
                                     69 	.globl _P1_2
                                     70 	.globl _P1_1
                                     71 	.globl _P1_0
                                     72 	.globl _TF1
                                     73 	.globl _TR1
                                     74 	.globl _TF0
                                     75 	.globl _TR0
                                     76 	.globl _IE1
                                     77 	.globl _IT1
                                     78 	.globl _IE0
                                     79 	.globl _IT0
                                     80 	.globl _P0_7
                                     81 	.globl _P0_6
                                     82 	.globl _P0_5
                                     83 	.globl _P0_4
                                     84 	.globl _P0_3
                                     85 	.globl _P0_2
                                     86 	.globl _P0_1
                                     87 	.globl _P0_0
                                     88 	.globl _B
                                     89 	.globl _ACC
                                     90 	.globl _PSW
                                     91 	.globl _IP
                                     92 	.globl _P3
                                     93 	.globl _IE
                                     94 	.globl _P2
                                     95 	.globl _SBUF
                                     96 	.globl _SCON
                                     97 	.globl _P1
                                     98 	.globl _TH1
                                     99 	.globl _TH0
                                    100 	.globl _TL1
                                    101 	.globl _TL0
                                    102 	.globl _TMOD
                                    103 	.globl _TCON
                                    104 	.globl _PCON
                                    105 	.globl _DPH
                                    106 	.globl _DPL
                                    107 	.globl _SP
                                    108 	.globl _P0
                                    109 	.globl _duty_cycle
                                    110 	.globl _pwm_count
                                    111 ;--------------------------------------------------------
                                    112 ; special function registers
                                    113 ;--------------------------------------------------------
                                    114 	.area RSEG    (ABS,DATA)
      000000                        115 	.org 0x0000
                           000080   116 _P0	=	0x0080
                           000081   117 _SP	=	0x0081
                           000082   118 _DPL	=	0x0082
                           000083   119 _DPH	=	0x0083
                           000087   120 _PCON	=	0x0087
                           000088   121 _TCON	=	0x0088
                           000089   122 _TMOD	=	0x0089
                           00008A   123 _TL0	=	0x008a
                           00008B   124 _TL1	=	0x008b
                           00008C   125 _TH0	=	0x008c
                           00008D   126 _TH1	=	0x008d
                           000090   127 _P1	=	0x0090
                           000098   128 _SCON	=	0x0098
                           000099   129 _SBUF	=	0x0099
                           0000A0   130 _P2	=	0x00a0
                           0000A8   131 _IE	=	0x00a8
                           0000B0   132 _P3	=	0x00b0
                           0000B8   133 _IP	=	0x00b8
                           0000D0   134 _PSW	=	0x00d0
                           0000E0   135 _ACC	=	0x00e0
                           0000F0   136 _B	=	0x00f0
                                    137 ;--------------------------------------------------------
                                    138 ; special function bits
                                    139 ;--------------------------------------------------------
                                    140 	.area RSEG    (ABS,DATA)
      000000                        141 	.org 0x0000
                           000080   142 _P0_0	=	0x0080
                           000081   143 _P0_1	=	0x0081
                           000082   144 _P0_2	=	0x0082
                           000083   145 _P0_3	=	0x0083
                           000084   146 _P0_4	=	0x0084
                           000085   147 _P0_5	=	0x0085
                           000086   148 _P0_6	=	0x0086
                           000087   149 _P0_7	=	0x0087
                           000088   150 _IT0	=	0x0088
                           000089   151 _IE0	=	0x0089
                           00008A   152 _IT1	=	0x008a
                           00008B   153 _IE1	=	0x008b
                           00008C   154 _TR0	=	0x008c
                           00008D   155 _TF0	=	0x008d
                           00008E   156 _TR1	=	0x008e
                           00008F   157 _TF1	=	0x008f
                           000090   158 _P1_0	=	0x0090
                           000091   159 _P1_1	=	0x0091
                           000092   160 _P1_2	=	0x0092
                           000093   161 _P1_3	=	0x0093
                           000094   162 _P1_4	=	0x0094
                           000095   163 _P1_5	=	0x0095
                           000096   164 _P1_6	=	0x0096
                           000097   165 _P1_7	=	0x0097
                           000098   166 _RI	=	0x0098
                           000099   167 _TI	=	0x0099
                           00009A   168 _RB8	=	0x009a
                           00009B   169 _TB8	=	0x009b
                           00009C   170 _REN	=	0x009c
                           00009D   171 _SM2	=	0x009d
                           00009E   172 _SM1	=	0x009e
                           00009F   173 _SM0	=	0x009f
                           0000A0   174 _P2_0	=	0x00a0
                           0000A1   175 _P2_1	=	0x00a1
                           0000A2   176 _P2_2	=	0x00a2
                           0000A3   177 _P2_3	=	0x00a3
                           0000A4   178 _P2_4	=	0x00a4
                           0000A5   179 _P2_5	=	0x00a5
                           0000A6   180 _P2_6	=	0x00a6
                           0000A7   181 _P2_7	=	0x00a7
                           0000A8   182 _EX0	=	0x00a8
                           0000A9   183 _ET0	=	0x00a9
                           0000AA   184 _EX1	=	0x00aa
                           0000AB   185 _ET1	=	0x00ab
                           0000AC   186 _ES	=	0x00ac
                           0000AF   187 _EA	=	0x00af
                           0000B0   188 _P3_0	=	0x00b0
                           0000B1   189 _P3_1	=	0x00b1
                           0000B2   190 _P3_2	=	0x00b2
                           0000B3   191 _P3_3	=	0x00b3
                           0000B4   192 _P3_4	=	0x00b4
                           0000B5   193 _P3_5	=	0x00b5
                           0000B6   194 _P3_6	=	0x00b6
                           0000B7   195 _P3_7	=	0x00b7
                           0000B0   196 _RXD	=	0x00b0
                           0000B1   197 _TXD	=	0x00b1
                           0000B2   198 _INT0	=	0x00b2
                           0000B3   199 _INT1	=	0x00b3
                           0000B4   200 _T0	=	0x00b4
                           0000B5   201 _T1	=	0x00b5
                           0000B6   202 _WR	=	0x00b6
                           0000B7   203 _RD	=	0x00b7
                           0000B8   204 _PX0	=	0x00b8
                           0000B9   205 _PT0	=	0x00b9
                           0000BA   206 _PX1	=	0x00ba
                           0000BB   207 _PT1	=	0x00bb
                           0000BC   208 _PS	=	0x00bc
                           0000D0   209 _P	=	0x00d0
                           0000D1   210 _F1	=	0x00d1
                           0000D2   211 _OV	=	0x00d2
                           0000D3   212 _RS0	=	0x00d3
                           0000D4   213 _RS1	=	0x00d4
                           0000D5   214 _F0	=	0x00d5
                           0000D6   215 _AC	=	0x00d6
                           0000D7   216 _CY	=	0x00d7
                                    217 ;--------------------------------------------------------
                                    218 ; overlayable register banks
                                    219 ;--------------------------------------------------------
                                    220 	.area REG_BANK_0	(REL,OVR,DATA)
      000000                        221 	.ds 8
                                    222 ;--------------------------------------------------------
                                    223 ; internal ram data
                                    224 ;--------------------------------------------------------
                                    225 	.area DSEG    (DATA)
      000000                        226 _pwm_count::
      000000                        227 	.ds 2
      000002                        228 _duty_cycle::
      000002                        229 	.ds 2
                                    230 ;--------------------------------------------------------
                                    231 ; overlayable items in internal ram
                                    232 ;--------------------------------------------------------
                                    233 	.area	OSEG    (OVR,DATA)
                                    234 ;--------------------------------------------------------
                                    235 ; Stack segment in internal ram
                                    236 ;--------------------------------------------------------
                                    237 	.area SSEG
      000000                        238 __start__stack:
      000000                        239 	.ds	1
                                    240 
                                    241 ;--------------------------------------------------------
                                    242 ; indirectly addressable internal ram data
                                    243 ;--------------------------------------------------------
                                    244 	.area ISEG    (DATA)
                                    245 ;--------------------------------------------------------
                                    246 ; absolute internal ram data
                                    247 ;--------------------------------------------------------
                                    248 	.area IABS    (ABS,DATA)
                                    249 	.area IABS    (ABS,DATA)
                                    250 ;--------------------------------------------------------
                                    251 ; bit data
                                    252 ;--------------------------------------------------------
                                    253 	.area BSEG    (BIT)
                                    254 ;--------------------------------------------------------
                                    255 ; paged external ram data
                                    256 ;--------------------------------------------------------
                                    257 	.area PSEG    (PAG,XDATA)
                                    258 ;--------------------------------------------------------
                                    259 ; uninitialized external ram data
                                    260 ;--------------------------------------------------------
                                    261 	.area XSEG    (XDATA)
                                    262 ;--------------------------------------------------------
                                    263 ; absolute external ram data
                                    264 ;--------------------------------------------------------
                                    265 	.area XABS    (ABS,XDATA)
                                    266 ;--------------------------------------------------------
                                    267 ; initialized external ram data
                                    268 ;--------------------------------------------------------
                                    269 	.area XISEG   (XDATA)
                                    270 	.area HOME    (CODE)
                                    271 	.area GSINIT0 (CODE)
                                    272 	.area GSINIT1 (CODE)
                                    273 	.area GSINIT2 (CODE)
                                    274 	.area GSINIT3 (CODE)
                                    275 	.area GSINIT4 (CODE)
                                    276 	.area GSINIT5 (CODE)
                                    277 	.area GSINIT  (CODE)
                                    278 	.area GSFINAL (CODE)
                                    279 	.area CSEG    (CODE)
                                    280 ;--------------------------------------------------------
                                    281 ; interrupt vector
                                    282 ;--------------------------------------------------------
                                    283 	.area HOME    (CODE)
      000000                        284 __interrupt_vect:
      000000 02r00r00         [24]  285 	ljmp	__sdcc_gsinit_startup
      000003 32               [24]  286 	reti
      000004                        287 	.ds	7
      00000B 02r00r14         [24]  288 	ljmp	_PWM_Dimming_LED
                                    289 ;--------------------------------------------------------
                                    290 ; global & static initialisations
                                    291 ;--------------------------------------------------------
                                    292 	.area HOME    (CODE)
                                    293 	.area GSINIT  (CODE)
                                    294 	.area GSFINAL (CODE)
                                    295 	.area GSINIT  (CODE)
                                    296 	.globl __sdcc_gsinit_startup
                                    297 	.globl __sdcc_program_startup
                                    298 	.globl __start__stack
                                    299 	.globl __mcs51_genXINIT
                                    300 	.globl __mcs51_genXRAMCLEAR
                                    301 	.globl __mcs51_genRAMCLEAR
                                    302 ;	./src/main.c:7: int pwm_count=0;
      000000 E4               [12]  303 	clr	a
      000001 F5*00            [12]  304 	mov	_pwm_count,a
      000003 F5*01            [12]  305 	mov	(_pwm_count + 1),a
                                    306 ;	./src/main.c:8: int duty_cycle = 10;
      000005 75*02 0A         [24]  307 	mov	_duty_cycle,#0x0a
                                    308 ;	1-genFromRTrack replaced	mov	(_duty_cycle + 1),#0x00
      000008 F5*03            [12]  309 	mov	(_duty_cycle + 1),a
                                    310 	.area GSFINAL (CODE)
      000000 02r00r0E         [24]  311 	ljmp	__sdcc_program_startup
                                    312 ;--------------------------------------------------------
                                    313 ; Home
                                    314 ;--------------------------------------------------------
                                    315 	.area HOME    (CODE)
                                    316 	.area HOME    (CODE)
      00000E                        317 __sdcc_program_startup:
      00000E 02r00r00         [24]  318 	ljmp	_main
                                    319 ;	return from main will return to caller
                                    320 ;--------------------------------------------------------
                                    321 ; code
                                    322 ;--------------------------------------------------------
                                    323 	.area CSEG    (CODE)
                                    324 ;------------------------------------------------------------
                                    325 ;Allocation info for local variables in function 'main'
                                    326 ;------------------------------------------------------------
                                    327 ;i                         Allocated with name '_main_i_65536_3'
                                    328 ;------------------------------------------------------------
                                    329 ;	./src/main.c:9: int main(void)
                                    330 ;	-----------------------------------------
                                    331 ;	 function main
                                    332 ;	-----------------------------------------
      000000                        333 _main:
                           000007   334 	ar7 = 0x07
                           000006   335 	ar6 = 0x06
                           000005   336 	ar5 = 0x05
                           000004   337 	ar4 = 0x04
                           000003   338 	ar3 = 0x03
                           000002   339 	ar2 = 0x02
                           000001   340 	ar1 = 0x01
                           000000   341 	ar0 = 0x00
                                    342 ;	./src/main.c:12: P1 = 0x7F;
      000000 75 90 7F         [24]  343 	mov	_P1,#0x7f
                                    344 ;	./src/main.c:13: TMOD = 0x01;
      000003 75 89 01         [24]  345 	mov	_TMOD,#0x01
                                    346 ;	./src/main.c:14: TH0 = freq >> 8;
      000006 75 8C FF         [24]  347 	mov	_TH0,#0xff
                                    348 ;	./src/main.c:15: TL0 = freq & 0xFF;  
      000009 75 8A 9C         [24]  349 	mov	_TL0,#0x9c
                                    350 ;	./src/main.c:16: ET0 = 1;								
                                    351 ;	assignBit
      00000C D2 A9            [12]  352 	setb	_ET0
                                    353 ;	./src/main.c:17: EA = 1;									
                                    354 ;	assignBit
      00000E D2 AF            [12]  355 	setb	_EA
                                    356 ;	./src/main.c:18: TR0 = 1;
                                    357 ;	assignBit
      000010 D2 8C            [12]  358 	setb	_TR0
                                    359 ;	./src/main.c:19: while(1);                  
      000012                        360 00102$:
                                    361 ;	./src/main.c:20: }
      000012 80 FE            [24]  362 	sjmp	00102$
                                    363 ;------------------------------------------------------------
                                    364 ;Allocation info for local variables in function 'PWM_Dimming_LED'
                                    365 ;------------------------------------------------------------
                                    366 ;	./src/main.c:21: void PWM_Dimming_LED(void) __interrupt (1) 
                                    367 ;	-----------------------------------------
                                    368 ;	 function PWM_Dimming_LED
                                    369 ;	-----------------------------------------
      000014                        370 _PWM_Dimming_LED:
      000014 C0 E0            [24]  371 	push	acc
      000016 C0 F0            [24]  372 	push	b
      000018 C0 D0            [24]  373 	push	psw
                                    374 ;	./src/main.c:23: pwm_count++;
      00001A 05*00            [12]  375 	inc	_pwm_count
      00001C E4               [12]  376 	clr	a
      00001D B5*00 02         [24]  377 	cjne	a,_pwm_count,00116$
      000020 05*01            [12]  378 	inc	(_pwm_count + 1)
      000022                        379 00116$:
                                    380 ;	./src/main.c:24: if(pwm_count>=PWM_CNT_UPPER)
      000022 C3               [12]  381 	clr	c
      000023 E5*00            [12]  382 	mov	a,_pwm_count
      000025 94 64            [12]  383 	subb	a,#0x64
      000027 E5*01            [12]  384 	mov	a,(_pwm_count + 1)
      000029 64 80            [12]  385 	xrl	a,#0x80
      00002B 94 80            [12]  386 	subb	a,#0x80
      00002D 40 05            [24]  387 	jc	00102$
                                    388 ;	./src/main.c:25: pwm_count=0;
      00002F E4               [12]  389 	clr	a
      000030 F5*00            [12]  390 	mov	_pwm_count,a
      000032 F5*01            [12]  391 	mov	(_pwm_count + 1),a
      000034                        392 00102$:
                                    393 ;	./src/main.c:28: if(duty_cycle > pwm_count)
      000034 C3               [12]  394 	clr	c
      000035 E5*00            [12]  395 	mov	a,_pwm_count
      000037 95*02            [12]  396 	subb	a,_duty_cycle
      000039 E5*01            [12]  397 	mov	a,(_pwm_count + 1)
      00003B 64 80            [12]  398 	xrl	a,#0x80
      00003D 85*03 F0         [24]  399 	mov	b,(_duty_cycle + 1)
      000040 63 F0 80         [24]  400 	xrl	b,#0x80
      000043 95 F0            [12]  401 	subb	a,b
      000045 50 04            [24]  402 	jnc	00104$
                                    403 ;	./src/main.c:29: P1_0 = 0;
                                    404 ;	assignBit
      000047 C2 90            [12]  405 	clr	_P1_0
      000049 80 02            [24]  406 	sjmp	00105$
      00004B                        407 00104$:
                                    408 ;	./src/main.c:31: P1_0 = 1; 
                                    409 ;	assignBit
      00004B D2 90            [12]  410 	setb	_P1_0
      00004D                        411 00105$:
                                    412 ;	./src/main.c:32: TH0 = freq >> 8;
      00004D 75 8C FF         [24]  413 	mov	_TH0,#0xff
                                    414 ;	./src/main.c:33: TL0 = freq & 0xFF;             
      000050 75 8A 9C         [24]  415 	mov	_TL0,#0x9c
                                    416 ;	./src/main.c:34: }
      000053 D0 D0            [24]  417 	pop	psw
      000055 D0 F0            [24]  418 	pop	b
      000057 D0 E0            [24]  419 	pop	acc
      000059 32               [24]  420 	reti
                                    421 ;	eliminated unneeded mov psw,# (no regs used in bank)
                                    422 ;	eliminated unneeded push/pop dpl
                                    423 ;	eliminated unneeded push/pop dph
                                    424 	.area CSEG    (CODE)
                                    425 	.area CONST   (CODE)
                                    426 	.area XINIT   (CODE)
                                    427 	.area CABS    (ABS,CODE)
