                                      1 ;--------------------------------------------------------
                                      2 ; File Created by SDCC : free open source ISO C Compiler 
                                      3 ; Version 4.2.8 #13684 (MINGW64)
                                      4 ;--------------------------------------------------------
                                      5 	.module buzz_func
                                      6 	.optsdcc -mmcs51 --model-small
                                      7 	
                                      8 ;--------------------------------------------------------
                                      9 ; Public variables in this module
                                     10 ;--------------------------------------------------------
                                     11 	.globl _buzzer_Do
                                     12 	.globl _buzzer_Re
                                     13 	.globl _buzzer_Mi
                                     14 ;--------------------------------------------------------
                                     15 ; special function registers
                                     16 ;--------------------------------------------------------
                                     17 	.area RSEG    (ABS,DATA)
      000000                         18 	.org 0x0000
                                     19 ;--------------------------------------------------------
                                     20 ; special function bits
                                     21 ;--------------------------------------------------------
                                     22 	.area RSEG    (ABS,DATA)
      000000                         23 	.org 0x0000
                                     24 ;--------------------------------------------------------
                                     25 ; overlayable register banks
                                     26 ;--------------------------------------------------------
                                     27 	.area REG_BANK_0	(REL,OVR,DATA)
      000000                         28 	.ds 8
                                     29 ;--------------------------------------------------------
                                     30 ; internal ram data
                                     31 ;--------------------------------------------------------
                                     32 	.area DSEG    (DATA)
                                     33 ;--------------------------------------------------------
                                     34 ; overlayable items in internal ram
                                     35 ;--------------------------------------------------------
                                     36 ;--------------------------------------------------------
                                     37 ; indirectly addressable internal ram data
                                     38 ;--------------------------------------------------------
                                     39 	.area ISEG    (DATA)
                                     40 ;--------------------------------------------------------
                                     41 ; absolute internal ram data
                                     42 ;--------------------------------------------------------
                                     43 	.area IABS    (ABS,DATA)
                                     44 	.area IABS    (ABS,DATA)
                                     45 ;--------------------------------------------------------
                                     46 ; bit data
                                     47 ;--------------------------------------------------------
                                     48 	.area BSEG    (BIT)
                                     49 ;--------------------------------------------------------
                                     50 ; paged external ram data
                                     51 ;--------------------------------------------------------
                                     52 	.area PSEG    (PAG,XDATA)
                                     53 ;--------------------------------------------------------
                                     54 ; uninitialized external ram data
                                     55 ;--------------------------------------------------------
                                     56 	.area XSEG    (XDATA)
                                     57 ;--------------------------------------------------------
                                     58 ; absolute external ram data
                                     59 ;--------------------------------------------------------
                                     60 	.area XABS    (ABS,XDATA)
                                     61 ;--------------------------------------------------------
                                     62 ; initialized external ram data
                                     63 ;--------------------------------------------------------
                                     64 	.area XISEG   (XDATA)
                                     65 	.area HOME    (CODE)
                                     66 	.area GSINIT0 (CODE)
                                     67 	.area GSINIT1 (CODE)
                                     68 	.area GSINIT2 (CODE)
                                     69 	.area GSINIT3 (CODE)
                                     70 	.area GSINIT4 (CODE)
                                     71 	.area GSINIT5 (CODE)
                                     72 	.area GSINIT  (CODE)
                                     73 	.area GSFINAL (CODE)
                                     74 	.area CSEG    (CODE)
                                     75 ;--------------------------------------------------------
                                     76 ; global & static initialisations
                                     77 ;--------------------------------------------------------
                                     78 	.area HOME    (CODE)
                                     79 	.area GSINIT  (CODE)
                                     80 	.area GSFINAL (CODE)
                                     81 	.area GSINIT  (CODE)
                                     82 ;--------------------------------------------------------
                                     83 ; Home
                                     84 ;--------------------------------------------------------
                                     85 	.area HOME    (CODE)
                                     86 	.area HOME    (CODE)
                                     87 ;--------------------------------------------------------
                                     88 ; code
                                     89 ;--------------------------------------------------------
                                     90 	.area CSEG    (CODE)
                                     91 ;------------------------------------------------------------
                                     92 ;Allocation info for local variables in function 'buzzer_Do'
                                     93 ;------------------------------------------------------------
                                     94 ;	./src/buzz_func.c:3: void buzzer_Do(void) {
                                     95 ;	-----------------------------------------
                                     96 ;	 function buzzer_Do
                                     97 ;	-----------------------------------------
      000000                         98 _buzzer_Do:
                           000007    99 	ar7 = 0x07
                           000006   100 	ar6 = 0x06
                           000005   101 	ar5 = 0x05
                           000004   102 	ar4 = 0x04
                           000003   103 	ar3 = 0x03
                           000002   104 	ar2 = 0x02
                           000001   105 	ar1 = 0x01
                           000000   106 	ar0 = 0x00
                                    107 ;	./src/buzz_func.c:18: __endasm;		
      000000                        108 DELAY_Do:
                                    109 ;1047HZ, We need Delay 0.478mS
                                    110 ;440cycles	@Fosc = 11.0592MHz
      000000 7E 0A            [12]  111 	MOV	R6,#10
                                    112 ;+1cycle
      000002                        113 DELAY_Do_DL1:
      000002 7F 13            [12]  114 	MOV	R7,#19
      000004                        115 STEP1:
      000004 DF FE            [24]  116 	DJNZ R7,STEP1
      000006 DE FA            [24]  117 	DJNZ	R6,DELAY_Do_DL1
                                    118 ;+410cycle	= 10 * (1 + (19*2) + 2)
      000008 7F 0D            [12]  119 	MOV	R7,#13 ;+27cycle = 1 + (13*2)
                                    120 ;+2cycles	=> Total = 1758
      00000A                        121 STEP2:
      00000A DF FE            [24]  122 	DJNZ R7,STEP2
      00000C 22               [24]  123 	RET
                                    124 ;	./src/buzz_func.c:20: }
      00000D 22               [24]  125 	ret
                                    126 ;------------------------------------------------------------
                                    127 ;Allocation info for local variables in function 'buzzer_Re'
                                    128 ;------------------------------------------------------------
                                    129 ;	./src/buzz_func.c:22: void buzzer_Re(void) {
                                    130 ;	-----------------------------------------
                                    131 ;	 function buzzer_Re
                                    132 ;	-----------------------------------------
      00000E                        133 _buzzer_Re:
                                    134 ;	./src/buzz_func.c:35: __endasm;
      00000E                        135 DELAY_RE:
                                    136 ;1175HZ, We need Delay 0.42553mS
                                    137 ;392cycles	@Fosc = 11.0592MHz
      00000E 7E 0A            [12]  138 	MOV	R6,#10
                                    139 ;+1cycle
      000010                        140 DELAY_RE_DL1:
      000010 7F 11            [12]  141 	MOV	R7,#17
      000012                        142 STEP3:
      000012 DF FE            [24]  143 	DJNZ R7,STEP3
      000014 DE FA            [24]  144 	DJNZ	R6,DELAY_RE_DL1
                                    145 ;+370cycle	= 10 * (1 + (17*2) + 2)
      000016 7F 09            [12]  146 	MOV	R7,#9 ;+19cycle = 1 + (9*2)
      000018                        147 STEP4:
      000018 DF FE            [24]  148 	DJNZ R7,STEP4 ;+2cycles => Total = 1567
                                    149 ;	./src/buzz_func.c:36: }
      00001A 22               [24]  150 	ret
                                    151 ;------------------------------------------------------------
                                    152 ;Allocation info for local variables in function 'buzzer_Mi'
                                    153 ;------------------------------------------------------------
                                    154 ;	./src/buzz_func.c:38: void buzzer_Mi(void) {
                                    155 ;	-----------------------------------------
                                    156 ;	 function buzzer_Mi
                                    157 ;	-----------------------------------------
      00001B                        158 _buzzer_Mi:
                                    159 ;	./src/buzz_func.c:53: __endasm;
      00001B                        160 DELAY_MI:
                                    161 ;1319HZ, We need Delay 1.515mS
                                    162 ;349cycles	@Fosc = 11.0592MHz
      00001B 7E 0A            [12]  163 	MOV	R6,#10
                                    164 ;+1cycle
      00001D                        165 DELAY_MI_DL1:
      00001D 7F 0F            [12]  166 	MOV	R7,#15
      00001F                        167 STEP5:
      00001F DF FE            [24]  168 	DJNZ R7,STEP5
      000021 DE FA            [24]  169 	DJNZ	R6,DELAY_MI_DL1
                                    170 ;+330cycle	= 10 * (1 + (15*2) + 2)
      000023 7F 07            [12]  171 	MOV	R7,#7
      000025                        172 STEP6:
      000025 DF FE            [24]  173 	DJNZ R7,STEP6
                                    174 ;+15cycle	= 1 + (7*2)
                                    175 ;+2cycles	=> Total = 1396
                                    176 ;	./src/buzz_func.c:54: }
      000027 22               [24]  177 	ret
                                    178 	.area CSEG    (CODE)
                                    179 	.area CONST   (CODE)
                                    180 	.area XINIT   (CODE)
                                    181 	.area CABS    (ABS,CODE)
