                                      1 ;--------------------------------------------------------
                                      2 ; File Created by SDCC : free open source ISO C Compiler 
                                      3 ; Version 4.2.8 #13684 (MINGW64)
                                      4 ;--------------------------------------------------------
                                      5 	.module main
                                      6 	.optsdcc -mmcs51 --model-small
                                      7 	
                                      8 ;--------------------------------------------------------
                                      9 ; Public variables in this module
                                     10 ;--------------------------------------------------------
                                     11 	.globl _main
                                     12 	.globl _delay_ms
                                     13 	.globl _Initial
                                     14 	.globl _Write7219
                                     15 	.globl _read_adc3202
                                     16 	.globl _CY
                                     17 	.globl _AC
                                     18 	.globl _F0
                                     19 	.globl _RS1
                                     20 	.globl _RS0
                                     21 	.globl _OV
                                     22 	.globl _F1
                                     23 	.globl _P
                                     24 	.globl _PS
                                     25 	.globl _PT1
                                     26 	.globl _PX1
                                     27 	.globl _PT0
                                     28 	.globl _PX0
                                     29 	.globl _RD
                                     30 	.globl _WR
                                     31 	.globl _T1
                                     32 	.globl _T0
                                     33 	.globl _INT1
                                     34 	.globl _INT0
                                     35 	.globl _TXD
                                     36 	.globl _RXD
                                     37 	.globl _P3_7
                                     38 	.globl _P3_6
                                     39 	.globl _P3_5
                                     40 	.globl _P3_4
                                     41 	.globl _P3_3
                                     42 	.globl _P3_2
                                     43 	.globl _P3_1
                                     44 	.globl _P3_0
                                     45 	.globl _EA
                                     46 	.globl _ES
                                     47 	.globl _ET1
                                     48 	.globl _EX1
                                     49 	.globl _ET0
                                     50 	.globl _EX0
                                     51 	.globl _P2_7
                                     52 	.globl _P2_6
                                     53 	.globl _P2_5
                                     54 	.globl _P2_4
                                     55 	.globl _P2_3
                                     56 	.globl _P2_2
                                     57 	.globl _P2_1
                                     58 	.globl _P2_0
                                     59 	.globl _SM0
                                     60 	.globl _SM1
                                     61 	.globl _SM2
                                     62 	.globl _REN
                                     63 	.globl _TB8
                                     64 	.globl _RB8
                                     65 	.globl _TI
                                     66 	.globl _RI
                                     67 	.globl _P1_7
                                     68 	.globl _P1_6
                                     69 	.globl _P1_5
                                     70 	.globl _P1_4
                                     71 	.globl _P1_3
                                     72 	.globl _P1_2
                                     73 	.globl _P1_1
                                     74 	.globl _P1_0
                                     75 	.globl _TF1
                                     76 	.globl _TR1
                                     77 	.globl _TF0
                                     78 	.globl _TR0
                                     79 	.globl _IE1
                                     80 	.globl _IT1
                                     81 	.globl _IE0
                                     82 	.globl _IT0
                                     83 	.globl _P0_7
                                     84 	.globl _P0_6
                                     85 	.globl _P0_5
                                     86 	.globl _P0_4
                                     87 	.globl _P0_3
                                     88 	.globl _P0_2
                                     89 	.globl _P0_1
                                     90 	.globl _P0_0
                                     91 	.globl _B
                                     92 	.globl _ACC
                                     93 	.globl _PSW
                                     94 	.globl _IP
                                     95 	.globl _P3
                                     96 	.globl _IE
                                     97 	.globl _P2
                                     98 	.globl _SBUF
                                     99 	.globl _SCON
                                    100 	.globl _P1
                                    101 	.globl _TH1
                                    102 	.globl _TH0
                                    103 	.globl _TL1
                                    104 	.globl _TL0
                                    105 	.globl _TMOD
                                    106 	.globl _TCON
                                    107 	.globl _PCON
                                    108 	.globl _DPH
                                    109 	.globl _DPL
                                    110 	.globl _SP
                                    111 	.globl _P0
                                    112 	.globl _seg_dot
                                    113 	.globl _seg
                                    114 	.globl _led_out
                                    115 	.globl _segment_out
                                    116 	.globl _adc_value
                                    117 ;--------------------------------------------------------
                                    118 ; special function registers
                                    119 ;--------------------------------------------------------
                                    120 	.area RSEG    (ABS,DATA)
      000000                        121 	.org 0x0000
                           000080   122 _P0	=	0x0080
                           000081   123 _SP	=	0x0081
                           000082   124 _DPL	=	0x0082
                           000083   125 _DPH	=	0x0083
                           000087   126 _PCON	=	0x0087
                           000088   127 _TCON	=	0x0088
                           000089   128 _TMOD	=	0x0089
                           00008A   129 _TL0	=	0x008a
                           00008B   130 _TL1	=	0x008b
                           00008C   131 _TH0	=	0x008c
                           00008D   132 _TH1	=	0x008d
                           000090   133 _P1	=	0x0090
                           000098   134 _SCON	=	0x0098
                           000099   135 _SBUF	=	0x0099
                           0000A0   136 _P2	=	0x00a0
                           0000A8   137 _IE	=	0x00a8
                           0000B0   138 _P3	=	0x00b0
                           0000B8   139 _IP	=	0x00b8
                           0000D0   140 _PSW	=	0x00d0
                           0000E0   141 _ACC	=	0x00e0
                           0000F0   142 _B	=	0x00f0
                                    143 ;--------------------------------------------------------
                                    144 ; special function bits
                                    145 ;--------------------------------------------------------
                                    146 	.area RSEG    (ABS,DATA)
      000000                        147 	.org 0x0000
                           000080   148 _P0_0	=	0x0080
                           000081   149 _P0_1	=	0x0081
                           000082   150 _P0_2	=	0x0082
                           000083   151 _P0_3	=	0x0083
                           000084   152 _P0_4	=	0x0084
                           000085   153 _P0_5	=	0x0085
                           000086   154 _P0_6	=	0x0086
                           000087   155 _P0_7	=	0x0087
                           000088   156 _IT0	=	0x0088
                           000089   157 _IE0	=	0x0089
                           00008A   158 _IT1	=	0x008a
                           00008B   159 _IE1	=	0x008b
                           00008C   160 _TR0	=	0x008c
                           00008D   161 _TF0	=	0x008d
                           00008E   162 _TR1	=	0x008e
                           00008F   163 _TF1	=	0x008f
                           000090   164 _P1_0	=	0x0090
                           000091   165 _P1_1	=	0x0091
                           000092   166 _P1_2	=	0x0092
                           000093   167 _P1_3	=	0x0093
                           000094   168 _P1_4	=	0x0094
                           000095   169 _P1_5	=	0x0095
                           000096   170 _P1_6	=	0x0096
                           000097   171 _P1_7	=	0x0097
                           000098   172 _RI	=	0x0098
                           000099   173 _TI	=	0x0099
                           00009A   174 _RB8	=	0x009a
                           00009B   175 _TB8	=	0x009b
                           00009C   176 _REN	=	0x009c
                           00009D   177 _SM2	=	0x009d
                           00009E   178 _SM1	=	0x009e
                           00009F   179 _SM0	=	0x009f
                           0000A0   180 _P2_0	=	0x00a0
                           0000A1   181 _P2_1	=	0x00a1
                           0000A2   182 _P2_2	=	0x00a2
                           0000A3   183 _P2_3	=	0x00a3
                           0000A4   184 _P2_4	=	0x00a4
                           0000A5   185 _P2_5	=	0x00a5
                           0000A6   186 _P2_6	=	0x00a6
                           0000A7   187 _P2_7	=	0x00a7
                           0000A8   188 _EX0	=	0x00a8
                           0000A9   189 _ET0	=	0x00a9
                           0000AA   190 _EX1	=	0x00aa
                           0000AB   191 _ET1	=	0x00ab
                           0000AC   192 _ES	=	0x00ac
                           0000AF   193 _EA	=	0x00af
                           0000B0   194 _P3_0	=	0x00b0
                           0000B1   195 _P3_1	=	0x00b1
                           0000B2   196 _P3_2	=	0x00b2
                           0000B3   197 _P3_3	=	0x00b3
                           0000B4   198 _P3_4	=	0x00b4
                           0000B5   199 _P3_5	=	0x00b5
                           0000B6   200 _P3_6	=	0x00b6
                           0000B7   201 _P3_7	=	0x00b7
                           0000B0   202 _RXD	=	0x00b0
                           0000B1   203 _TXD	=	0x00b1
                           0000B2   204 _INT0	=	0x00b2
                           0000B3   205 _INT1	=	0x00b3
                           0000B4   206 _T0	=	0x00b4
                           0000B5   207 _T1	=	0x00b5
                           0000B6   208 _WR	=	0x00b6
                           0000B7   209 _RD	=	0x00b7
                           0000B8   210 _PX0	=	0x00b8
                           0000B9   211 _PT0	=	0x00b9
                           0000BA   212 _PX1	=	0x00ba
                           0000BB   213 _PT1	=	0x00bb
                           0000BC   214 _PS	=	0x00bc
                           0000D0   215 _P	=	0x00d0
                           0000D1   216 _F1	=	0x00d1
                           0000D2   217 _OV	=	0x00d2
                           0000D3   218 _RS0	=	0x00d3
                           0000D4   219 _RS1	=	0x00d4
                           0000D5   220 _F0	=	0x00d5
                           0000D6   221 _AC	=	0x00d6
                           0000D7   222 _CY	=	0x00d7
                                    223 ;--------------------------------------------------------
                                    224 ; overlayable register banks
                                    225 ;--------------------------------------------------------
                                    226 	.area REG_BANK_0	(REL,OVR,DATA)
      000000                        227 	.ds 8
                                    228 ;--------------------------------------------------------
                                    229 ; internal ram data
                                    230 ;--------------------------------------------------------
                                    231 	.area DSEG    (DATA)
      000000                        232 _adc_value::
      000000                        233 	.ds 2
      000002                        234 _segment_out::
      000002                        235 	.ds 2
      000004                        236 _led_out::
      000004                        237 	.ds 1
      000005                        238 _seg::
      000005                        239 	.ds 10
      00000F                        240 _seg_dot::
      00000F                        241 	.ds 3
                                    242 ;--------------------------------------------------------
                                    243 ; overlayable items in internal ram
                                    244 ;--------------------------------------------------------
                                    245 ;--------------------------------------------------------
                                    246 ; Stack segment in internal ram
                                    247 ;--------------------------------------------------------
                                    248 	.area SSEG
      000000                        249 __start__stack:
      000000                        250 	.ds	1
                                    251 
                                    252 ;--------------------------------------------------------
                                    253 ; indirectly addressable internal ram data
                                    254 ;--------------------------------------------------------
                                    255 	.area ISEG    (DATA)
                                    256 ;--------------------------------------------------------
                                    257 ; absolute internal ram data
                                    258 ;--------------------------------------------------------
                                    259 	.area IABS    (ABS,DATA)
                                    260 	.area IABS    (ABS,DATA)
                                    261 ;--------------------------------------------------------
                                    262 ; bit data
                                    263 ;--------------------------------------------------------
                                    264 	.area BSEG    (BIT)
                                    265 ;--------------------------------------------------------
                                    266 ; paged external ram data
                                    267 ;--------------------------------------------------------
                                    268 	.area PSEG    (PAG,XDATA)
                                    269 ;--------------------------------------------------------
                                    270 ; uninitialized external ram data
                                    271 ;--------------------------------------------------------
                                    272 	.area XSEG    (XDATA)
                                    273 ;--------------------------------------------------------
                                    274 ; absolute external ram data
                                    275 ;--------------------------------------------------------
                                    276 	.area XABS    (ABS,XDATA)
                                    277 ;--------------------------------------------------------
                                    278 ; initialized external ram data
                                    279 ;--------------------------------------------------------
                                    280 	.area XISEG   (XDATA)
                                    281 	.area HOME    (CODE)
                                    282 	.area GSINIT0 (CODE)
                                    283 	.area GSINIT1 (CODE)
                                    284 	.area GSINIT2 (CODE)
                                    285 	.area GSINIT3 (CODE)
                                    286 	.area GSINIT4 (CODE)
                                    287 	.area GSINIT5 (CODE)
                                    288 	.area GSINIT  (CODE)
                                    289 	.area GSFINAL (CODE)
                                    290 	.area CSEG    (CODE)
                                    291 ;--------------------------------------------------------
                                    292 ; interrupt vector
                                    293 ;--------------------------------------------------------
                                    294 	.area HOME    (CODE)
      000000                        295 __interrupt_vect:
      000000 02r00r00         [24]  296 	ljmp	__sdcc_gsinit_startup
                                    297 ;--------------------------------------------------------
                                    298 ; global & static initialisations
                                    299 ;--------------------------------------------------------
                                    300 	.area HOME    (CODE)
                                    301 	.area GSINIT  (CODE)
                                    302 	.area GSFINAL (CODE)
                                    303 	.area GSINIT  (CODE)
                                    304 	.globl __sdcc_gsinit_startup
                                    305 	.globl __sdcc_program_startup
                                    306 	.globl __start__stack
                                    307 	.globl __mcs51_genXINIT
                                    308 	.globl __mcs51_genXRAMCLEAR
                                    309 	.globl __mcs51_genRAMCLEAR
                                    310 ;	./src/main.c:10: unsigned char seg[10] = {
      000000 75*05 7E         [24]  311 	mov	_seg,#0x7e
      000003 75*06 30         [24]  312 	mov	(_seg + 0x0001),#0x30
      000006 75*07 6D         [24]  313 	mov	(_seg + 0x0002),#0x6d
      000009 75*08 79         [24]  314 	mov	(_seg + 0x0003),#0x79
      00000C 75*09 33         [24]  315 	mov	(_seg + 0x0004),#0x33
      00000F 75*0A 5B         [24]  316 	mov	(_seg + 0x0005),#0x5b
      000012 75*0B 5F         [24]  317 	mov	(_seg + 0x0006),#0x5f
      000015 75*0C 70         [24]  318 	mov	(_seg + 0x0007),#0x70
      000018 75*0D 7F         [24]  319 	mov	(_seg + 0x0008),#0x7f
      00001B 75*0E 7B         [24]  320 	mov	(_seg + 0x0009),#0x7b
                                    321 ;	./src/main.c:23: unsigned char seg_dot[3] = {
      00001E 75*0F FE         [24]  322 	mov	_seg_dot,#0xfe
      000021 75*10 B0         [24]  323 	mov	(_seg_dot + 0x0001),#0xb0
      000024 75*11 ED         [24]  324 	mov	(_seg_dot + 0x0002),#0xed
                                    325 	.area GSFINAL (CODE)
      000000 02r00r03         [24]  326 	ljmp	__sdcc_program_startup
                                    327 ;--------------------------------------------------------
                                    328 ; Home
                                    329 ;--------------------------------------------------------
                                    330 	.area HOME    (CODE)
                                    331 	.area HOME    (CODE)
      000003                        332 __sdcc_program_startup:
      000003 02r00r00         [24]  333 	ljmp	_main
                                    334 ;	return from main will return to caller
                                    335 ;--------------------------------------------------------
                                    336 ; code
                                    337 ;--------------------------------------------------------
                                    338 	.area CSEG    (CODE)
                                    339 ;------------------------------------------------------------
                                    340 ;Allocation info for local variables in function 'main'
                                    341 ;------------------------------------------------------------
                                    342 ;	./src/main.c:29: void main()
                                    343 ;	-----------------------------------------
                                    344 ;	 function main
                                    345 ;	-----------------------------------------
      000000                        346 _main:
                           000007   347 	ar7 = 0x07
                           000006   348 	ar6 = 0x06
                           000005   349 	ar5 = 0x05
                           000004   350 	ar4 = 0x04
                           000003   351 	ar3 = 0x03
                           000002   352 	ar2 = 0x02
                           000001   353 	ar1 = 0x01
                           000000   354 	ar0 = 0x00
                                    355 ;	./src/main.c:31: DOUT = 1; //Setting gpio input mode
                                    356 ;	assignBit
      000000 D2 A2            [12]  357 	setb	_P2_2
                                    358 ;	./src/main.c:32: LOAD = 1; 
                                    359 ;	assignBit
      000002 D2 A3            [12]  360 	setb	_P2_3
                                    361 ;	./src/main.c:33: CLK = 0;
                                    362 ;	assignBit
      000004 C2 A0            [12]  363 	clr	_P2_0
                                    364 ;	./src/main.c:34: DIN = 0;
                                    365 ;	assignBit
      000006 C2 A1            [12]  366 	clr	_P2_1
                                    367 ;	./src/main.c:36: Initial();
      000008 12r00r00         [24]  368 	lcall	_Initial
                                    369 ;	./src/main.c:38: while(1)
      00000B                        370 00102$:
                                    371 ;	./src/main.c:40: adc_value = read_adc3202(0);    // Read voltage from ADC channel 0
      00000B 75 82 00         [24]  372 	mov	dpl,#0x00
      00000E 12r00r00         [24]  373 	lcall	_read_adc3202
      000011 85 82*00         [24]  374 	mov	_adc_value,dpl
      000014 85 83*01         [24]  375 	mov	(_adc_value + 1),dph
                                    376 ;	./src/main.c:41: led_out = adc_value >> 4;       // Right shift 4 bit to obtain 8-bit signal from the original 12 bits
      000017 AE*00            [24]  377 	mov	r6,_adc_value
      000019 E5*01            [12]  378 	mov	a,(_adc_value + 1)
      00001B C4               [12]  379 	swap	a
      00001C CE               [12]  380 	xch	a,r6
      00001D C4               [12]  381 	swap	a
      00001E 54 0F            [12]  382 	anl	a,#0x0f
      000020 6E               [12]  383 	xrl	a,r6
      000021 CE               [12]  384 	xch	a,r6
      000022 54 0F            [12]  385 	anl	a,#0x0f
      000024 CE               [12]  386 	xch	a,r6
      000025 6E               [12]  387 	xrl	a,r6
      000026 CE               [12]  388 	xch	a,r6
                                    389 ;	./src/main.c:42: P1 = ~led_out;                  // Display on LED
      000027 EE               [12]  390 	mov	a,r6
      000028 F5*04            [12]  391 	mov	_led_out,a
      00002A F4               [12]  392 	cpl	a
      00002B F5 90            [12]  393 	mov	_P1,a
                                    394 ;	./src/main.c:43: delay_ms(200);
      00002D 90 00 C8         [24]  395 	mov	dptr,#0x00c8
      000030 12r00r00         [24]  396 	lcall	_delay_ms
                                    397 ;	./src/main.c:45: adc_value = read_adc3202(1);    // Read voltage from ADC channel 1
      000033 75 82 01         [24]  398 	mov	dpl,#0x01
      000036 12r00r00         [24]  399 	lcall	_read_adc3202
      000039 85 82*00         [24]  400 	mov	_adc_value,dpl
      00003C 85 83*01         [24]  401 	mov	(_adc_value + 1),dph
                                    402 ;	./src/main.c:46: segment_out = adc_value;
      00003F 85*00*02         [24]  403 	mov	_segment_out,_adc_value
      000042 85*01*03         [24]  404 	mov	(_segment_out + 1),(_adc_value + 1)
                                    405 ;	./src/main.c:47: Write7219(0x04, seg_dot[segment_out / 1000]);    // Display on MAX7219
      000045 75*00 E8         [24]  406 	mov	__divuint_PARM_2,#0xe8
      000048 75*01 03         [24]  407 	mov	(__divuint_PARM_2 + 1),#0x03
      00004B 85*02 82         [24]  408 	mov	dpl,_segment_out
      00004E 85*03 83         [24]  409 	mov	dph,(_segment_out + 1)
      000051 12r00r00         [24]  410 	lcall	__divuint
      000054 AE 82            [24]  411 	mov	r6,dpl
      000056 EE               [12]  412 	mov	a,r6
      000057 24r0F            [12]  413 	add	a,#_seg_dot
      000059 F9               [12]  414 	mov	r1,a
      00005A 87*00            [24]  415 	mov	_Write7219_PARM_2,@r1
      00005C 75 82 04         [24]  416 	mov	dpl,#0x04
      00005F 12r00r00         [24]  417 	lcall	_Write7219
                                    418 ;	./src/main.c:48: Write7219(0x03, seg[segment_out % 1000 / 100]);
      000062 75*00 E8         [24]  419 	mov	__moduint_PARM_2,#0xe8
      000065 75*01 03         [24]  420 	mov	(__moduint_PARM_2 + 1),#0x03
      000068 85*02 82         [24]  421 	mov	dpl,_segment_out
      00006B 85*03 83         [24]  422 	mov	dph,(_segment_out + 1)
      00006E 12r00r00         [24]  423 	lcall	__moduint
      000071 75*00 64         [24]  424 	mov	__divuint_PARM_2,#0x64
      000074 75*01 00         [24]  425 	mov	(__divuint_PARM_2 + 1),#0x00
      000077 12r00r00         [24]  426 	lcall	__divuint
      00007A AE 82            [24]  427 	mov	r6,dpl
      00007C EE               [12]  428 	mov	a,r6
      00007D 24r05            [12]  429 	add	a,#_seg
      00007F F9               [12]  430 	mov	r1,a
      000080 87*00            [24]  431 	mov	_Write7219_PARM_2,@r1
      000082 75 82 03         [24]  432 	mov	dpl,#0x03
      000085 12r00r00         [24]  433 	lcall	_Write7219
                                    434 ;	./src/main.c:49: Write7219(0x02, seg[segment_out % 100 / 10]);
      000088 75*00 64         [24]  435 	mov	__moduint_PARM_2,#0x64
      00008B 75*01 00         [24]  436 	mov	(__moduint_PARM_2 + 1),#0x00
      00008E 85*02 82         [24]  437 	mov	dpl,_segment_out
      000091 85*03 83         [24]  438 	mov	dph,(_segment_out + 1)
      000094 12r00r00         [24]  439 	lcall	__moduint
      000097 75*00 0A         [24]  440 	mov	__divuint_PARM_2,#0x0a
      00009A 75*01 00         [24]  441 	mov	(__divuint_PARM_2 + 1),#0x00
      00009D 12r00r00         [24]  442 	lcall	__divuint
      0000A0 AE 82            [24]  443 	mov	r6,dpl
      0000A2 EE               [12]  444 	mov	a,r6
      0000A3 24r05            [12]  445 	add	a,#_seg
      0000A5 F9               [12]  446 	mov	r1,a
      0000A6 87*00            [24]  447 	mov	_Write7219_PARM_2,@r1
      0000A8 75 82 02         [24]  448 	mov	dpl,#0x02
      0000AB 12r00r00         [24]  449 	lcall	_Write7219
                                    450 ;	./src/main.c:50: Write7219(0x01, seg[segment_out % 10]);
      0000AE 75*00 0A         [24]  451 	mov	__moduint_PARM_2,#0x0a
      0000B1 75*01 00         [24]  452 	mov	(__moduint_PARM_2 + 1),#0x00
      0000B4 85*02 82         [24]  453 	mov	dpl,_segment_out
      0000B7 85*03 83         [24]  454 	mov	dph,(_segment_out + 1)
      0000BA 12r00r00         [24]  455 	lcall	__moduint
      0000BD AE 82            [24]  456 	mov	r6,dpl
      0000BF EE               [12]  457 	mov	a,r6
      0000C0 24r05            [12]  458 	add	a,#_seg
      0000C2 F9               [12]  459 	mov	r1,a
      0000C3 87*00            [24]  460 	mov	_Write7219_PARM_2,@r1
      0000C5 75 82 01         [24]  461 	mov	dpl,#0x01
      0000C8 12r00r00         [24]  462 	lcall	_Write7219
                                    463 ;	./src/main.c:51: delay_ms(200);
      0000CB 90 00 C8         [24]  464 	mov	dptr,#0x00c8
      0000CE 12r00r00         [24]  465 	lcall	_delay_ms
                                    466 ;	./src/main.c:53: }
      0000D1 02r00r0B         [24]  467 	ljmp	00102$
                                    468 	.area CSEG    (CODE)
                                    469 	.area CONST   (CODE)
                                    470 	.area XINIT   (CODE)
                                    471 	.area CABS    (ABS,CODE)
